nohup: ignoring input
lr 0.01 wd 1e-05 hidden_neuron 64
lr 0.01 loss 2.483786635133643 acc 75.36 loss_test 1.4210014643600397 acc_test 80.45
lr 0.01 loss 1.3614510464147511 acc 79.85 loss_test 1.152279266247539 acc_test 84.05
lr 0.01 loss 1.1166448018135957 acc 84.39 loss_test 1.0694236757903393 acc_test 85.62
lr 0.01 loss 1.0745507423927412 acc 85.16 loss_test 1.0119667587510053 acc_test 86.33
lr 0.01 loss 1.0280444353563103 acc 85.9 loss_test 0.941091661000472 acc_test 87.8
lr 0.01 loss 0.9757304565321135 acc 87.48 loss_test 0.9606947283443362 acc_test 87.0
lr 0.01 loss 0.9185707159633639 acc 88.73 loss_test 0.9180653750483261 acc_test 88.84
lr 0.01 loss 0.8587169266319903 acc 89.96 loss_test 0.9006506949258741 acc_test 89.08
lr 0.01 loss 0.85695332822864 acc 89.86 loss_test 0.8750024910831967 acc_test 90.04
lr 0.01 loss 0.8697258364746993 acc 89.43 loss_test 0.8338678286456729 acc_test 91.2
lr 0.01 loss 0.8569022888752059 acc 90.18 loss_test 0.8441222986263972 acc_test 90.1
lr 0.001 loss 0.8200180459754438 acc 90.68 loss_test 0.8421030023865304 acc_test 90.76
lr 0.001 loss 0.7504263048599169 acc 92.46 loss_test 0.7866449800150019 acc_test 92.0
lr 0.001 loss 0.74835999632213 acc 92.5 loss_test 0.7737704112983526 acc_test 92.19
lr 0.001 loss 0.7393192361571226 acc 92.49 loss_test 0.7671299913565314 acc_test 92.05
lr 0.001 loss 0.7258564381446126 acc 92.85 loss_test 0.7614372959497407 acc_test 92.38
lr 0.001 loss 0.7346834122100253 acc 93.04 loss_test 0.757490651032962 acc_test 92.33
lr 0.001 loss 0.7179279558370104 acc 93.14 loss_test 0.7529282032280962 acc_test 92.56
lr 0.001 loss 0.7111810918819873 acc 93.13 loss_test 0.7522547364801385 acc_test 92.48
lr 0.001 loss 0.7251260200760037 acc 92.88 loss_test 0.7510432459325244 acc_test 92.48
lr 0.001 loss 0.7082606066083352 acc 93.19 loss_test 0.7497648120809276 acc_test 92.54
lr 0.001 loss 0.7143264233488498 acc 93.48 loss_test 0.7472311337285504 acc_test 92.41
lr 0.001 loss 0.7218373202229472 acc 93.12 loss_test 0.7481035743990335 acc_test 92.47
lr 0.0001 loss 0.7016459953982032 acc 93.41 loss_test 0.746271347707314 acc_test 92.54
lr 0.0001 loss 0.7071376461181147 acc 93.54 loss_test 0.7423875190176259 acc_test 92.58
lr 0.0001 loss 0.6869184570570442 acc 93.62 loss_test 0.7417290646349406 acc_test 92.56
lr 0.0001 loss 0.7098610994291579 acc 93.66 loss_test 0.7410507502622832 acc_test 92.55
lr 0.0001 loss 0.7042627085020665 acc 93.23 loss_test 0.7403610568989331 acc_test 92.59
lr 0.0001 loss 0.6864071989824639 acc 93.83 loss_test 0.7399470468093866 acc_test 92.58
lr 0.0001 loss 0.7131225328459407 acc 93.36 loss_test 0.7397004531966869 acc_test 92.52
lr 0.0001 loss 0.6983905114761436 acc 93.7 loss_test 0.7397189317386375 acc_test 92.58
lr 0.0001 loss 0.6951055157874377 acc 93.52 loss_test 0.7396201691942625 acc_test 92.55
lr 0.0001 loss 0.6856573715897878 acc 93.88 loss_test 0.7394390222128322 acc_test 92.6
lr 0.0001 loss 0.7026698416754105 acc 93.52 loss_test 0.7391564558960043 acc_test 92.61
lr 0.0001 loss 0.7012814646659262 acc 93.64 loss_test 0.7389104459251946 acc_test 92.55
Accuracy: 92.58 %
best group: lr 0.01 wd 1e-05 hidden_neuron 64 acc 0.9258
lr 0.01 wd 1e-05 hidden_neuron 128
lr 0.01 loss 3.3879550574870305 acc 79.85 loss_test 2.1525769892004605 acc_test 84.68
lr 0.01 loss 1.9648674138961015 acc 84.74 loss_test 1.7714085325827769 acc_test 85.58
lr 0.01 loss 1.716066372074543 acc 85.68 loss_test 1.6053265674979411 acc_test 87.24
lr 0.01 loss 1.5475962678368114 acc 87.71 loss_test 1.5329643304729168 acc_test 87.82
lr 0.01 loss 1.5196817545073957 acc 88.25 loss_test 1.4872959869229092 acc_test 88.2
lr 0.01 loss 1.4906207470595414 acc 88.5 loss_test 1.4664244465420735 acc_test 89.08
lr 0.01 loss 1.3595877445496438 acc 90.51 loss_test 1.4017087675690156 acc_test 90.52
lr 0.01 loss 1.3652751902107205 acc 90.41 loss_test 1.3997186453234987 acc_test 89.96
lr 0.01 loss 1.339470881500682 acc 90.92 loss_test 1.3871169263695695 acc_test 90.66
lr 0.01 loss 1.329257397869452 acc 91.38 loss_test 1.3594160377452804 acc_test 90.83
lr 0.01 loss 1.3240455533626463 acc 91.58 loss_test 1.3240162429154219 acc_test 91.47
lr 0.001 loss 1.3141041086980212 acc 91.6 loss_test 1.3335589276681392 acc_test 91.61
lr 0.001 loss 1.2251143805369276 acc 93.28 loss_test 1.2957301015342468 acc_test 92.31
lr 0.001 loss 1.2096305213228251 acc 93.68 loss_test 1.2850494308057383 acc_test 92.49
lr 0.001 loss 1.1987997149338019 acc 93.9 loss_test 1.2784636730445913 acc_test 92.67
lr 0.001 loss 1.1890640128580319 acc 94.24 loss_test 1.2757448195874932 acc_test 92.75
lr 0.001 loss 1.2094523775799995 acc 93.87 loss_test 1.2709923610077802 acc_test 92.7
lr 0.001 loss 1.193021445539571 acc 94.4 loss_test 1.266526667857531 acc_test 92.77
lr 0.001 loss 1.1751938279274208 acc 94.39 loss_test 1.2641448386367615 acc_test 92.9
lr 0.001 loss 1.1844974306211753 acc 93.87 loss_test 1.260451834193083 acc_test 92.85
lr 0.001 loss 1.1677774970768904 acc 94.82 loss_test 1.2627100398364728 acc_test 92.81
lr 0.001 loss 1.1789246620698721 acc 94.45 loss_test 1.2590541312849661 acc_test 92.87
lr 0.001 loss 1.1882216242054189 acc 94.41 loss_test 1.256335947835503 acc_test 92.84
lr 0.0001 loss 1.1826462033150322 acc 94.49 loss_test 1.2598122875800912 acc_test 92.86
lr 0.0001 loss 1.1643558534207004 acc 94.63 loss_test 1.2522819996120795 acc_test 93.11
lr 0.0001 loss 1.1611491338135354 acc 94.91 loss_test 1.250911746866914 acc_test 93.22
lr 0.0001 loss 1.1682802278653155 acc 94.89 loss_test 1.2502364182097112 acc_test 93.19
lr 0.0001 loss 1.147840915101415 acc 94.87 loss_test 1.250375829769522 acc_test 93.18
lr 0.0001 loss 1.181391140533642 acc 94.39 loss_test 1.249777381822756 acc_test 93.13
lr 0.0001 loss 1.1777918509837386 acc 94.48 loss_test 1.249572429868222 acc_test 93.16
lr 0.0001 loss 1.1580096387986096 acc 94.92 loss_test 1.2494254896818386 acc_test 93.2
lr 0.0001 loss 1.1670071957707642 acc 94.76 loss_test 1.2490237152928518 acc_test 93.21
lr 0.0001 loss 1.1652415193330778 acc 94.64 loss_test 1.2487396645487645 acc_test 93.13
lr 0.0001 loss 1.1721428387036321 acc 94.68 loss_test 1.249271706009479 acc_test 93.13
lr 0.0001 loss 1.1503949413543255 acc 95.17 loss_test 1.2491618592448157 acc_test 93.09
Accuracy: 93.17 %
best group: lr 0.01 wd 1e-05 hidden_neuron 128 acc 0.9317
lr 0.01 wd 1e-05 hidden_neuron 256
lr 0.01 loss 4.518685514752949 acc 82.72 loss_test 3.358710941418867 acc_test 88.43
lr 0.01 loss 3.21075363390985 acc 87.76 loss_test 2.94742598636931 acc_test 89.17
lr 0.01 loss 2.887599697847626 acc 88.6 loss_test 2.780052706119264 acc_test 88.84
lr 0.01 loss 2.7648298451374167 acc 88.72 loss_test 2.702131962328473 acc_test 88.59
lr 0.01 loss 2.5837217073253362 acc 89.44 loss_test 2.5584615612121584 acc_test 89.78
lr 0.01 loss 2.518169949739064 acc 90.55 loss_test 2.518553531702423 acc_test 90.2
lr 0.01 loss 2.339894812354325 acc 91.99 loss_test 2.500135653183296 acc_test 90.52
lr 0.01 loss 2.326727297393851 acc 92.63 loss_test 2.4577790326733195 acc_test 90.99
lr 0.01 loss 2.322938035981668 acc 92.39 loss_test 2.4390767889628417 acc_test 91.71
lr 0.01 loss 2.3179832062989894 acc 92.4 loss_test 2.3849222945051496 acc_test 92.25
lr 0.01 loss 2.3068810225001495 acc 92.63 loss_test 2.3966037116684733 acc_test 91.83
lr 0.001 loss 2.3022912932583006 acc 92.83 loss_test 2.358136616692682 acc_test 92.48
lr 0.001 loss 2.1664981121555993 acc 95.02 loss_test 2.3244058615489704 acc_test 93.1
lr 0.001 loss 2.168526892679566 acc 95.04 loss_test 2.3175555616018615 acc_test 93.03
lr 0.001 loss 2.153746039442649 acc 95.07 loss_test 2.3104557484687036 acc_test 93.02
lr 0.001 loss 2.1580207125335105 acc 95.53 loss_test 2.3056342553272766 acc_test 93.09
lr 0.001 loss 2.1261323148904143 acc 95.45 loss_test 2.30213499790486 acc_test 93.28
lr 0.001 loss 2.1462619741522757 acc 95.2 loss_test 2.3000499847400264 acc_test 93.2
lr 0.001 loss 2.1146222752964285 acc 95.89 loss_test 2.2968778589551806 acc_test 93.25
lr 0.001 loss 2.1328434964528626 acc 95.46 loss_test 2.2939200327713563 acc_test 93.35
lr 0.001 loss 2.1266401518032128 acc 95.7 loss_test 2.2921100547734925 acc_test 93.39
lr 0.001 loss 2.114395619572282 acc 95.89 loss_test 2.2892027176587466 acc_test 93.41
lr 0.001 loss 2.11623803682906 acc 95.92 loss_test 2.2855744878324606 acc_test 93.42
lr 0.0001 loss 2.122357855497351 acc 96.02 loss_test 2.28385266915359 acc_test 93.43
lr 0.0001 loss 2.09869695271598 acc 96.17 loss_test 2.283448232935452 acc_test 93.43
lr 0.0001 loss 2.0925781680824045 acc 96.34 loss_test 2.2829546702910193 acc_test 93.46
lr 0.0001 loss 2.1103512543246836 acc 96.23 loss_test 2.2827561294358736 acc_test 93.48
lr 0.0001 loss 2.0916005615972186 acc 96.29 loss_test 2.2825724059109436 acc_test 93.46
lr 0.0001 loss 2.1206592400760518 acc 96.17 loss_test 2.2825149746254287 acc_test 93.47
lr 0.0001 loss 2.1081038447645994 acc 96.03 loss_test 2.28210897578077 acc_test 93.42
lr 0.0001 loss 2.1008900997264113 acc 96.21 loss_test 2.2817875934297254 acc_test 93.4
lr 0.0001 loss 2.0931661203379086 acc 96.29 loss_test 2.281517238500691 acc_test 93.46
lr 0.0001 loss 2.105525081741309 acc 96.12 loss_test 2.2815225011953073 acc_test 93.47
lr 0.0001 loss 2.1200708648415634 acc 95.97 loss_test 2.2814726488628736 acc_test 93.49
lr 0.0001 loss 2.0980569138279406 acc 96.34 loss_test 2.28119627425699 acc_test 93.52
Accuracy: 93.52000000000001 %
best group: lr 0.01 wd 1e-05 hidden_neuron 256 acc 0.9352
lr 0.01 wd 0.0001 hidden_neuron 64
lr 0.01 loss 7.034550226963027 acc 70.7 loss_test 5.777648940310362 acc_test 77.64
lr 0.01 loss 5.668364136485704 acc 79.05 loss_test 5.462280638600026 acc_test 81.63
lr 0.01 loss 5.4208312764876165 acc 82.58 loss_test 5.311783363523335 acc_test 83.06
lr 0.01 loss 5.220510747605692 acc 84.78 loss_test 5.09629992425794 acc_test 86.65
lr 0.01 loss 5.06734024229454 acc 86.41 loss_test 4.939362270319036 acc_test 88.48
lr 0.01 loss 4.947053536236379 acc 87.31 loss_test 4.846895488122354 acc_test 88.6
lr 0.01 loss 4.783754647504767 acc 88.63 loss_test 4.718680471315515 acc_test 89.36
lr 0.01 loss 4.677940311050234 acc 88.96 loss_test 4.651261044381189 acc_test 89.12
lr 0.01 loss 4.582176733562398 acc 89.42 loss_test 4.52643057975271 acc_test 90.12
lr 0.01 loss 4.46535598585121 acc 90.42 loss_test 4.451398665158572 acc_test 89.44
lr 0.01 loss 4.376293504135103 acc 90.83 loss_test 4.336095927235874 acc_test 90.58
lr 0.001 loss 4.296864756602631 acc 90.19 loss_test 4.223508124176277 acc_test 90.97
lr 0.001 loss 4.179927490068978 acc 92.38 loss_test 4.18119543240504 acc_test 92.32
lr 0.001 loss 4.157345691701763 acc 92.43 loss_test 4.166900881929666 acc_test 92.61
lr 0.001 loss 4.131352137230965 acc 93.02 loss_test 4.155876124426672 acc_test 92.78
lr 0.001 loss 4.123322291308768 acc 93.07 loss_test 4.143166776517999 acc_test 92.77
lr 0.001 loss 4.115772764967682 acc 93.1 loss_test 4.13464015661145 acc_test 92.76
lr 0.001 loss 4.120159397743979 acc 92.98 loss_test 4.124356132136381 acc_test 92.83
lr 0.001 loss 4.0893525571139575 acc 93.52 loss_test 4.113166303923085 acc_test 92.89
lr 0.001 loss 4.096942131189561 acc 92.86 loss_test 4.105387836128795 acc_test 92.75
lr 0.001 loss 4.085440455484685 acc 92.93 loss_test 4.0968084559914635 acc_test 92.75
lr 0.001 loss 4.060944798906065 acc 93.5 loss_test 4.087917582102321 acc_test 93.01
lr 0.001 loss 4.0591053349561435 acc 93.24 loss_test 4.0789304491196825 acc_test 93.01
lr 0.0001 loss 4.056867365397669 acc 93.17 loss_test 4.070178070354274 acc_test 93.0
lr 0.0001 loss 4.058778354295859 acc 93.14 loss_test 4.067958654964049 acc_test 93.04
lr 0.0001 loss 4.041856183590691 acc 93.21 loss_test 4.066739191731212 acc_test 93.03
lr 0.0001 loss 4.037756840621862 acc 93.74 loss_test 4.065795227372446 acc_test 93.1
lr 0.0001 loss 4.028343839786996 acc 93.66 loss_test 4.064435551442853 acc_test 93.04
lr 0.0001 loss 4.039261739701414 acc 93.55 loss_test 4.063280801732911 acc_test 93.08
lr 0.0001 loss 4.025289129284546 acc 93.62 loss_test 4.061894914072196 acc_test 93.07
lr 0.0001 loss 4.040475352186671 acc 93.44 loss_test 4.061018434477792 acc_test 93.1
lr 0.0001 loss 4.023268317743245 acc 93.76 loss_test 4.060076886053511 acc_test 93.01
lr 0.0001 loss 4.0413358106789286 acc 93.14 loss_test 4.059156613976002 acc_test 93.05
lr 0.0001 loss 4.030717312954148 acc 93.39 loss_test 4.058924126158643 acc_test 93.12
lr 0.0001 loss 4.036359455594622 acc 93.32 loss_test 4.057496110081021 acc_test 93.03
Accuracy: 93.11 %
lr 0.01 wd 0.0001 hidden_neuron 128
lr 0.01 loss 12.354978344306272 acc 79.63 loss_test 10.917349776035497 acc_test 85.07
lr 0.01 loss 10.754645942846453 acc 84.37 loss_test 10.463186420866922 acc_test 84.06
lr 0.01 loss 10.225971360970071 acc 86.43 loss_test 10.044928299946923 acc_test 87.17
lr 0.01 loss 9.959969284382575 acc 86.92 loss_test 9.828591415941604 acc_test 86.8
lr 0.01 loss 9.7011745342313 acc 88.09 loss_test 9.558872487817846 acc_test 88.8
lr 0.01 loss 9.438426757675742 acc 89.25 loss_test 9.300313335738464 acc_test 89.45
lr 0.01 loss 9.152709256100874 acc 91.14 loss_test 9.099407038090542 acc_test 90.52
lr 0.01 loss 8.963698833713407 acc 91.48 loss_test 8.919289713157761 acc_test 90.47
lr 0.01 loss 8.789890145344476 acc 91.21 loss_test 8.71241834807588 acc_test 91.47
lr 0.01 loss 8.586648942053639 acc 92.21 loss_test 8.53767121831686 acc_test 91.74
lr 0.01 loss 8.435271448863713 acc 91.8 loss_test 8.35817348000509 acc_test 91.49
lr 0.001 loss 8.271489876888655 acc 91.46 loss_test 8.179221789533225 acc_test 91.85
lr 0.001 loss 8.091972312219788 acc 93.65 loss_test 8.127866040283301 acc_test 92.82
lr 0.001 loss 8.073982386395116 acc 94.0 loss_test 8.104832111740189 acc_test 93.02
lr 0.001 loss 8.034566126612729 acc 94.21 loss_test 8.085461314846881 acc_test 93.08
lr 0.001 loss 8.015638588460051 acc 94.38 loss_test 8.068714554710066 acc_test 93.13
lr 0.001 loss 8.00407265200681 acc 94.55 loss_test 8.047815691841416 acc_test 93.19
lr 0.001 loss 7.976655105294545 acc 94.38 loss_test 8.030850295027316 acc_test 93.18
lr 0.001 loss 7.9588313134207445 acc 94.75 loss_test 8.014619974671666 acc_test 93.09
lr 0.001 loss 7.946844465834797 acc 94.64 loss_test 7.996647760106762 acc_test 93.29
lr 0.001 loss 7.927873570595782 acc 94.71 loss_test 7.978547525479446 acc_test 93.27
lr 0.001 loss 7.906833562245844 acc 94.87 loss_test 7.964122055827122 acc_test 93.23
lr 0.001 loss 7.897931076253807 acc 94.74 loss_test 7.944953565729377 acc_test 93.28
lr 0.0001 loss 7.882681578126087 acc 94.57 loss_test 7.9288388625594495 acc_test 93.26
lr 0.0001 loss 7.846341734893694 acc 95.34 loss_test 7.926361584744982 acc_test 93.28
lr 0.0001 loss 7.86702127901312 acc 94.71 loss_test 7.924164840229566 acc_test 93.27
lr 0.0001 loss 7.862438416284856 acc 94.93 loss_test 7.922150320882038 acc_test 93.31
lr 0.0001 loss 7.853128363994928 acc 94.99 loss_test 7.920456752042985 acc_test 93.27
lr 0.0001 loss 7.858395022771668 acc 95.02 loss_test 7.918618041087968 acc_test 93.29
lr 0.0001 loss 7.859076675997458 acc 95.1 loss_test 7.916541346925975 acc_test 93.27
lr 0.0001 loss 7.851679131379539 acc 95.16 loss_test 7.914522450052229 acc_test 93.3
lr 0.0001 loss 7.855323450948087 acc 94.89 loss_test 7.912857858651747 acc_test 93.32
lr 0.0001 loss 7.847144764102015 acc 95.12 loss_test 7.911312885923715 acc_test 93.32
lr 0.0001 loss 7.844342575619866 acc 94.91 loss_test 7.909785792980808 acc_test 93.35
lr 0.0001 loss 7.84677512549558 acc 95.05 loss_test 7.908023918539805 acc_test 93.35
Accuracy: 93.39 %
lr 0.01 wd 0.0001 hidden_neuron 256
lr 0.01 loss 22.710035147952034 acc 82.21 loss_test 21.21786899339905 acc_test 87.86
lr 0.01 loss 20.895283288948885 acc 87.68 loss_test 20.39618599421042 acc_test 88.15
lr 0.01 loss 20.12718378494435 acc 89.07 loss_test 19.81716407404131 acc_test 88.22
lr 0.01 loss 19.60242339547261 acc 89.03 loss_test 19.324887893119435 acc_test 89.1
lr 0.01 loss 19.065422442295166 acc 89.88 loss_test 18.849560818475894 acc_test 90.18
lr 0.01 loss 18.64569703454255 acc 90.05 loss_test 18.404580973473717 acc_test 90.97
lr 0.01 loss 18.105254228355626 acc 92.45 loss_test 18.024306657149435 acc_test 91.17
lr 0.01 loss 17.757477316424982 acc 92.27 loss_test 17.640460130707417 acc_test 92.03
lr 0.01 loss 17.406828128101722 acc 92.53 loss_test 17.292346328909396 acc_test 91.97
lr 0.01 loss 17.030889730329676 acc 93.24 loss_test 16.951608304304695 acc_test 91.63
lr 0.01 loss 16.673455559520715 acc 93.6 loss_test 16.58499851538026 acc_test 93.09
lr 0.001 loss 16.366684059731078 acc 93.05 loss_test 16.267993736387687 acc_test 92.58
lr 0.001 loss 16.091817032104718 acc 95.19 loss_test 16.198697790661644 acc_test 93.56
lr 0.001 loss 16.036646919336604 acc 95.11 loss_test 16.151690758092563 acc_test 93.75
lr 0.001 loss 15.99802656420761 acc 95.75 loss_test 16.118036571355553 acc_test 93.74
lr 0.001 loss 15.957872166847542 acc 95.48 loss_test 16.08141727711801 acc_test 93.93
lr 0.001 loss 15.924842270767353 acc 95.67 loss_test 16.04510418253792 acc_test 93.89
lr 0.001 loss 15.891542208847177 acc 95.75 loss_test 16.009658902913635 acc_test 93.97
lr 0.001 loss 15.842906290879053 acc 96.03 loss_test 15.976691497273684 acc_test 94.02
lr 0.001 loss 15.820276749782442 acc 96.06 loss_test 15.942705211694594 acc_test 94.05
lr 0.001 loss 15.787519236914633 acc 95.91 loss_test 15.90992471018396 acc_test 93.96
lr 0.001 loss 15.750712720575024 acc 96.36 loss_test 15.87426354382582 acc_test 94.02
lr 0.001 loss 15.723213128378891 acc 96.11 loss_test 15.844880495219872 acc_test 94.11
lr 0.0001 loss 15.692704206241231 acc 96.08 loss_test 15.8091821929927 acc_test 94.14
lr 0.0001 loss 15.652055805650619 acc 96.68 loss_test 15.805843811588991 acc_test 94.13
lr 0.0001 loss 15.666851105913677 acc 96.17 loss_test 15.802461950219831 acc_test 94.17
lr 0.0001 loss 15.657368667563473 acc 96.42 loss_test 15.798997544572288 acc_test 94.19
lr 0.0001 loss 15.646347726048095 acc 96.46 loss_test 15.795916285412547 acc_test 94.22
lr 0.0001 loss 15.646534230001798 acc 96.48 loss_test 15.792573095815195 acc_test 94.21
lr 0.0001 loss 15.647018207280722 acc 96.38 loss_test 15.789636861439169 acc_test 94.25
lr 0.0001 loss 15.629776975790554 acc 96.57 loss_test 15.78620534010306 acc_test 94.23
lr 0.0001 loss 15.645497205693484 acc 96.3 loss_test 15.782971347379442 acc_test 94.21
lr 0.0001 loss 15.637910008214245 acc 96.47 loss_test 15.779837520757207 acc_test 94.18
lr 0.0001 loss 15.631590550364763 acc 96.31 loss_test 15.776523974583368 acc_test 94.2
lr 0.0001 loss 15.627357303896765 acc 96.6 loss_test 15.77337825228323 acc_test 94.18
Accuracy: 94.25 %
best group: lr 0.01 wd 0.0001 hidden_neuron 256 acc 0.9425
lr 0.01 wd 0.001 hidden_neuron 64
lr 0.01 loss 47.327359199321215 acc 70.69 loss_test 41.833333457925235 acc_test 74.81
lr 0.01 loss 37.763454498218 acc 79.96 loss_test 34.010788935727135 acc_test 83.27
lr 0.01 loss 30.84451839624315 acc 84.01 loss_test 27.804055286411092 acc_test 86.53
lr 0.01 loss 25.211645382078824 acc 87.65 loss_test 22.7672786573717 acc_test 88.38
lr 0.01 loss 20.654756703055273 acc 89.13 loss_test 18.658891385048733 acc_test 89.54
lr 0.01 loss 16.932928462625025 acc 90.3 loss_test 15.313624590357087 acc_test 90.43
lr 0.01 loss 13.883249767960418 acc 91.56 loss_test 12.562437392650711 acc_test 91.43
lr 0.01 loss 11.408421834109124 acc 91.48 loss_test 10.319039722724748 acc_test 92.59
lr 0.01 loss 9.38527265371354 acc 92.5 loss_test 8.488764344836826 acc_test 92.87
lr 0.01 loss 7.724839370506223 acc 93.06 loss_test 6.989760317739829 acc_test 93.52
lr 0.01 loss 6.36740919428478 acc 93.51 loss_test 5.777481812826161 acc_test 93.5
lr 0.001 loss 5.25454123746594 acc 93.95 loss_test 4.781484576141578 acc_test 93.86
lr 0.001 loss 4.697068975600604 acc 95.29 loss_test 4.664076198552268 acc_test 94.71
lr 0.001 loss 4.607286760776959 acc 95.27 loss_test 4.571329000496092 acc_test 94.91
lr 0.001 loss 4.5138800615691315 acc 95.62 loss_test 4.484255205324892 acc_test 95.0
lr 0.001 loss 4.430353372832021 acc 95.41 loss_test 4.398793603813299 acc_test 95.02
lr 0.001 loss 4.338299355931111 acc 95.88 loss_test 4.317453581530523 acc_test 94.86
lr 0.001 loss 4.261759704091855 acc 95.73 loss_test 4.23372060421205 acc_test 95.11
lr 0.001 loss 4.17842859807949 acc 95.74 loss_test 4.153575718901952 acc_test 95.1
lr 0.001 loss 4.098193702024341 acc 95.88 loss_test 4.076365252949667 acc_test 95.14
lr 0.001 loss 4.016031961362471 acc 95.91 loss_test 3.998466459063825 acc_test 95.31
lr 0.001 loss 3.9524052655633604 acc 95.47 loss_test 3.9245197530813574 acc_test 95.16
lr 0.001 loss 3.879815485446654 acc 95.56 loss_test 3.8504141622162176 acc_test 95.26
lr 0.0001 loss 3.7983091048883946 acc 96.25 loss_test 3.7773623120879862 acc_test 95.36
lr 0.0001 loss 3.749892222796768 acc 96.23 loss_test 3.769735055059619 acc_test 95.4
lr 0.0001 loss 3.7417015737600443 acc 96.35 loss_test 3.762653606260873 acc_test 95.4
lr 0.0001 loss 3.748074549254687 acc 95.81 loss_test 3.7555580132486086 acc_test 95.36
lr 0.0001 loss 3.7362545837203847 acc 96.02 loss_test 3.74839324876541 acc_test 95.37
lr 0.0001 loss 3.725799202714843 acc 95.97 loss_test 3.7414880205132164 acc_test 95.39
lr 0.0001 loss 3.730693590930612 acc 95.76 loss_test 3.734606247589858 acc_test 95.31
lr 0.0001 loss 3.720335518114531 acc 95.84 loss_test 3.727727561462296 acc_test 95.36
lr 0.0001 loss 3.703197999038633 acc 96.18 loss_test 3.720654660346084 acc_test 95.36
lr 0.0001 loss 3.6968549034933282 acc 96.09 loss_test 3.7136406041421726 acc_test 95.39
lr 0.0001 loss 3.695900087569758 acc 95.99 loss_test 3.706254423070645 acc_test 95.4
lr 0.0001 loss 3.6753310429379997 acc 96.31 loss_test 3.6991798953727963 acc_test 95.36
Accuracy: 95.43 %
best group: lr 0.01 wd 0.001 hidden_neuron 64 acc 0.9543
lr 0.01 wd 0.001 hidden_neuron 128
lr 0.01 loss 94.34577434927004 acc 78.88 loss_test 83.90860004977367 acc_test 83.78
lr 0.01 loss 75.95343183641201 acc 83.37 loss_test 68.42060060360453 acc_test 85.61
lr 0.01 loss 61.9838910142943 acc 86.87 loss_test 55.91430153360757 acc_test 88.85
lr 0.01 loss 50.67914463098015 acc 89.17 loss_test 45.751134827057825 acc_test 90.21
lr 0.01 loss 41.50136590682157 acc 90.07 loss_test 37.47079671950566 acc_test 91.07
lr 0.01 loss 33.96143142155517 acc 91.39 loss_test 30.677137241305008 acc_test 92.25
lr 0.01 loss 27.797768029701327 acc 93.16 loss_test 25.14137357189959 acc_test 93.23
lr 0.01 loss 22.810221955803627 acc 93.41 loss_test 20.61289677663574 acc_test 93.66
lr 0.01 loss 18.705317373028013 acc 93.95 loss_test 16.916332621194616 acc_test 94.03
lr 0.01 loss 15.366693736073124 acc 93.95 loss_test 13.879960880453462 acc_test 94.65
lr 0.01 loss 12.603261379547057 acc 94.76 loss_test 11.41303508235178 acc_test 94.47
lr 0.001 loss 10.37204904688101 acc 94.57 loss_test 9.386602123048773 acc_test 94.77
lr 0.001 loss 9.253186672520895 acc 96.3 loss_test 9.18145417035861 acc_test 95.62
lr 0.001 loss 9.073980651239937 acc 96.27 loss_test 8.999405976760624 acc_test 95.61
lr 0.001 loss 8.90203665130812 acc 96.15 loss_test 8.8229126879241 acc_test 95.68
lr 0.001 loss 8.734745524538548 acc 96.08 loss_test 8.653246649052543 acc_test 95.75
lr 0.001 loss 8.550680398142593 acc 96.63 loss_test 8.48513782675012 acc_test 95.73
lr 0.001 loss 8.396110317950253 acc 96.38 loss_test 8.321302429360596 acc_test 95.86
lr 0.001 loss 8.218825241419223 acc 96.62 loss_test 8.160292428513516 acc_test 95.76
lr 0.001 loss 8.07066908904686 acc 96.39 loss_test 7.999739158133825 acc_test 95.99
lr 0.001 loss 7.902844279698197 acc 96.82 loss_test 7.847892803116252 acc_test 95.94
lr 0.001 loss 7.761574531047323 acc 96.46 loss_test 7.693329719687671 acc_test 96.02
lr 0.001 loss 7.6053834783310625 acc 96.69 loss_test 7.545885997483114 acc_test 96.06
lr 0.0001 loss 7.462005010153176 acc 96.62 loss_test 7.400161907760719 acc_test 96.0
lr 0.0001 loss 7.376117674853254 acc 96.68 loss_test 7.385185395346944 acc_test 96.08
lr 0.0001 loss 7.359657726644694 acc 96.89 loss_test 7.370460248315281 acc_test 96.07
lr 0.0001 loss 7.347295490155063 acc 97.02 loss_test 7.356134032069096 acc_test 96.05
lr 0.0001 loss 7.329695160316244 acc 96.82 loss_test 7.341782029890636 acc_test 96.11
lr 0.0001 loss 7.320296724586823 acc 96.83 loss_test 7.327419720778302 acc_test 96.05
lr 0.0001 loss 7.306151943813003 acc 96.78 loss_test 7.313062515001619 acc_test 96.07
lr 0.0001 loss 7.294996450292002 acc 96.62 loss_test 7.299162263639901 acc_test 96.11
lr 0.0001 loss 7.279568503292232 acc 96.56 loss_test 7.284859010016567 acc_test 96.09
lr 0.0001 loss 7.249094366250258 acc 97.2 loss_test 7.270497734482069 acc_test 96.12
lr 0.0001 loss 7.245544571851626 acc 97.14 loss_test 7.256113682231793 acc_test 96.1
lr 0.0001 loss 7.2307962051996295 acc 96.88 loss_test 7.241949433809918 acc_test 96.1
Accuracy: 96.15 %
best group: lr 0.01 wd 0.001 hidden_neuron 128 acc 0.9615
lr 0.01 wd 0.001 hidden_neuron 256
lr 0.01 loss 186.52523544494886 acc 83.28 loss_test 167.52178645297482 acc_test 87.53
lr 0.01 loss 151.581110772669 acc 88.11 loss_test 136.67626834880713 acc_test 89.19
lr 0.01 loss 123.80477372761013 acc 89.39 loss_test 111.68877910080143 acc_test 90.3
lr 0.01 loss 101.21822545150955 acc 89.9 loss_test 91.37457602605572 acc_test 90.92
lr 0.01 loss 82.79724640768755 acc 91.24 loss_test 74.7403571106133 acc_test 92.38
lr 0.01 loss 67.75147122506161 acc 92.82 loss_test 61.200568561122054 acc_test 92.41
lr 0.01 loss 55.42127917970159 acc 94.64 loss_test 50.106189529565086 acc_test 93.86
lr 0.01 loss 45.4081483314275 acc 94.69 loss_test 41.073664926113196 acc_test 93.69
lr 0.01 loss 37.21099033202569 acc 95.11 loss_test 33.65025094343475 acc_test 94.37
lr 0.01 loss 30.487489067082304 acc 95.42 loss_test 27.592464351380737 acc_test 94.41
lr 0.01 loss 25.006814198028664 acc 95.72 loss_test 22.61609908330903 acc_test 94.92
lr 0.001 loss 20.510180579611262 acc 95.57 loss_test 18.554052084582516 acc_test 95.38
lr 0.001 loss 18.329111063710588 acc 97.07 loss_test 18.176936288145313 acc_test 95.87
lr 0.001 loss 17.964208304740314 acc 97.25 loss_test 17.8174975708565 acc_test 95.91
lr 0.001 loss 17.616309625044508 acc 97.34 loss_test 17.465823244487925 acc_test 96.03
lr 0.001 loss 17.263778618814072 acc 97.44 loss_test 17.122566432429483 acc_test 96.08
lr 0.001 loss 16.927743472573116 acc 97.3 loss_test 16.78636932905585 acc_test 96.11
lr 0.001 loss 16.601085356113636 acc 97.03 loss_test 16.45724158512927 acc_test 96.1
lr 0.001 loss 16.2665477285093 acc 97.53 loss_test 16.135341962157177 acc_test 96.21
lr 0.001 loss 15.946809083011274 acc 97.53 loss_test 15.818575603885323 acc_test 96.14
lr 0.001 loss 15.639717942028016 acc 97.38 loss_test 15.509897079786843 acc_test 96.18
lr 0.001 loss 15.32732386136361 acc 97.72 loss_test 15.207253544647978 acc_test 96.2
lr 0.001 loss 15.033992687120445 acc 97.48 loss_test 14.909581485074296 acc_test 96.16
lr 0.0001 loss 14.737527529069034 acc 97.34 loss_test 14.615811679650847 acc_test 96.25
lr 0.0001 loss 14.575449848981572 acc 97.76 loss_test 14.58677662796666 acc_test 96.29
lr 0.0001 loss 14.540919932432812 acc 97.73 loss_test 14.55813941790546 acc_test 96.28
lr 0.0001 loss 14.513481614362224 acc 97.78 loss_test 14.529375393052879 acc_test 96.29
lr 0.0001 loss 14.48656940100856 acc 97.67 loss_test 14.50075198815205 acc_test 96.31
lr 0.0001 loss 14.457659188031792 acc 97.65 loss_test 14.472139616391331 acc_test 96.3
lr 0.0001 loss 14.434101833885425 acc 97.71 loss_test 14.443677127189885 acc_test 96.3
lr 0.0001 loss 14.404534322067546 acc 97.66 loss_test 14.41535281909477 acc_test 96.31
lr 0.0001 loss 14.369064573509554 acc 97.87 loss_test 14.386940606062367 acc_test 96.27
lr 0.0001 loss 14.347352542842765 acc 97.62 loss_test 14.358472263193079 acc_test 96.3
lr 0.0001 loss 14.312531743611899 acc 97.84 loss_test 14.330204607957521 acc_test 96.28
lr 0.0001 loss 14.288214558680465 acc 97.7 loss_test 14.302032690796361 acc_test 96.35
Accuracy: 96.33 %
best group: lr 0.01 wd 0.001 hidden_neuron 256 acc 0.9633
lr 0.02 wd 1e-05 hidden_neuron 64
lr 0.02 loss 2.144724814723779 acc 67.42 loss_test 1.3632264915850412 acc_test 77.37
lr 0.02 loss 1.282800235972777 acc 79.45 loss_test 1.09035387160802 acc_test 83.89
lr 0.02 loss 1.103980516122588 acc 84.4 loss_test 1.1579731551020258 acc_test 81.87
lr 0.02 loss 1.0414156213209047 acc 85.21 loss_test 0.9646869114492621 acc_test 86.52
lr 0.02 loss 0.9696533378357137 acc 87.39 loss_test 0.9548582750502517 acc_test 88.26
lr 0.02 loss 0.9633113417887004 acc 88.16 loss_test 0.9005659954001997 acc_test 88.93
lr 0.02 loss 0.8433672649053092 acc 90.18 loss_test 1.0113952067114267 acc_test 86.12
lr 0.02 loss 0.8636595226657419 acc 89.92 loss_test 0.8226078636562683 acc_test 91.09
lr 0.02 loss 0.8389487725764362 acc 90.45 loss_test 0.8603091383141129 acc_test 90.28
lr 0.02 loss 0.8052335463074041 acc 91.27 loss_test 0.8589624556188137 acc_test 90.27
lr 0.02 loss 0.8323125345035274 acc 90.73 loss_test 0.8220365729868961 acc_test 91.02
lr 0.002 loss 0.811742253924925 acc 90.96 loss_test 0.7911140142432042 acc_test 92.03
lr 0.002 loss 0.7136785398264489 acc 93.44 loss_test 0.7481090979391356 acc_test 92.97
lr 0.002 loss 0.7055177381219611 acc 93.71 loss_test 0.7367096705023001 acc_test 92.98
lr 0.002 loss 0.6905235069487213 acc 93.88 loss_test 0.7311452674020897 acc_test 93.13
lr 0.002 loss 0.6973688228616333 acc 93.62 loss_test 0.7252345184582465 acc_test 93.18
lr 0.002 loss 0.6832043885504242 acc 94.08 loss_test 0.721277500280806 acc_test 93.47
lr 0.002 loss 0.6859463878787797 acc 93.99 loss_test 0.7192075810886377 acc_test 93.29
lr 0.002 loss 0.6781534315875989 acc 94.05 loss_test 0.7149048551655334 acc_test 93.41
lr 0.002 loss 0.6780005121405954 acc 94.15 loss_test 0.7121228584989621 acc_test 93.5
lr 0.002 loss 0.674854149281094 acc 94.22 loss_test 0.7096940406812797 acc_test 93.48
lr 0.002 loss 0.6667187499374726 acc 94.37 loss_test 0.7078467201850426 acc_test 93.68
lr 0.002 loss 0.6770580121526601 acc 94.09 loss_test 0.7064332455845546 acc_test 93.61
lr 0.0002 loss 0.6700739314757576 acc 94.15 loss_test 0.7044239574855842 acc_test 93.53
lr 0.0002 loss 0.6602439307622752 acc 94.37 loss_test 0.7022415417363818 acc_test 93.53
lr 0.0002 loss 0.6628241185549195 acc 94.44 loss_test 0.7014834185155633 acc_test 93.66
lr 0.0002 loss 0.6669308241285853 acc 94.15 loss_test 0.7007874781393071 acc_test 93.58
lr 0.0002 loss 0.6591534384758423 acc 94.51 loss_test 0.6997086337099896 acc_test 93.67
lr 0.0002 loss 0.6560058335915409 acc 94.5 loss_test 0.6992038065316049 acc_test 93.66
lr 0.0002 loss 0.6637350536870217 acc 94.64 loss_test 0.6992532927230496 acc_test 93.75
lr 0.0002 loss 0.6571808902700115 acc 94.53 loss_test 0.6991823606052102 acc_test 93.78
lr 0.0002 loss 0.6515947231031074 acc 94.75 loss_test 0.6986961099932761 acc_test 93.75
lr 0.0002 loss 0.6595764780608555 acc 94.7 loss_test 0.6984827941400584 acc_test 93.75
lr 0.0002 loss 0.6529262192875671 acc 94.38 loss_test 0.6987699155203045 acc_test 93.72
lr 0.0002 loss 0.6699366820315112 acc 94.35 loss_test 0.6983718934235411 acc_test 93.69
Accuracy: 93.73 %
lr 0.02 wd 1e-05 hidden_neuron 128
lr 0.02 loss 2.8983126754931514 acc 77.94 loss_test 1.8196601630597655 acc_test 82.66
lr 0.02 loss 1.7634683476863524 acc 83.68 loss_test 1.6120884986179171 acc_test 84.54
lr 0.02 loss 1.6151616181667787 acc 85.65 loss_test 1.4880273632051897 acc_test 87.65
lr 0.02 loss 1.4985290370435322 acc 87.84 loss_test 1.44065302849252 acc_test 89.04
lr 0.02 loss 1.4442486841442168 acc 89.02 loss_test 1.4442133298793258 acc_test 89.04
lr 0.02 loss 1.407359255054248 acc 89.67 loss_test 1.3355457225520901 acc_test 90.69
lr 0.02 loss 1.3409470810853508 acc 90.72 loss_test 1.3452009116080752 acc_test 90.85
lr 0.02 loss 1.3071268264902318 acc 91.43 loss_test 1.3280560622844653 acc_test 90.68
lr 0.02 loss 1.302011177409805 acc 91.42 loss_test 1.3363819298732424 acc_test 90.84
lr 0.02 loss 1.2751048447125017 acc 92.11 loss_test 1.2975683566303877 acc_test 92.02
lr 0.02 loss 1.2796364109335086 acc 92.08 loss_test 1.3195807120565632 acc_test 91.4
lr 0.002 loss 1.2738220578068593 acc 91.97 loss_test 1.2691691100865279 acc_test 92.36
lr 0.002 loss 1.1641538321600768 acc 94.32 loss_test 1.2340777902385964 acc_test 93.29
lr 0.002 loss 1.175915073001986 acc 94.05 loss_test 1.2215511292418024 acc_test 93.47
lr 0.002 loss 1.1520603534098628 acc 94.44 loss_test 1.2078561835217538 acc_test 93.79
lr 0.002 loss 1.1671720126202572 acc 94.36 loss_test 1.2043720952628405 acc_test 93.78
lr 0.002 loss 1.1396295540954184 acc 94.83 loss_test 1.2047333228647423 acc_test 93.8
lr 0.002 loss 1.1585019674507069 acc 94.43 loss_test 1.1984757067655043 acc_test 93.86
lr 0.002 loss 1.1425740174188541 acc 94.81 loss_test 1.1922406613087466 acc_test 93.98
lr 0.002 loss 1.1293137436039598 acc 94.94 loss_test 1.191948098677436 acc_test 93.93
lr 0.002 loss 1.1351624040045034 acc 94.91 loss_test 1.1889377717548222 acc_test 94.07
lr 0.002 loss 1.1438823486692442 acc 94.73 loss_test 1.1872019204765953 acc_test 94.12
lr 0.002 loss 1.1239674605665464 acc 95.01 loss_test 1.1878513574154796 acc_test 94.11
lr 0.0002 loss 1.1379324094460432 acc 95.14 loss_test 1.1840944947106617 acc_test 94.24
lr 0.0002 loss 1.1233877120297433 acc 95.11 loss_test 1.1823603689558253 acc_test 94.27
lr 0.0002 loss 1.1198405051801326 acc 95.32 loss_test 1.181613521264345 acc_test 94.22
lr 0.0002 loss 1.1184630358446361 acc 95.44 loss_test 1.1808569591792892 acc_test 94.21
lr 0.0002 loss 1.1148196456051358 acc 95.31 loss_test 1.1806799360082498 acc_test 94.21
lr 0.0002 loss 1.1215628104956752 acc 95.42 loss_test 1.1795262706813696 acc_test 94.24
lr 0.0002 loss 1.1284480575545175 acc 95.21 loss_test 1.1796870153962917 acc_test 94.24
lr 0.0002 loss 1.1201096105356225 acc 95.15 loss_test 1.179234400224448 acc_test 94.23
lr 0.0002 loss 1.1263950173518789 acc 95.14 loss_test 1.1796888462050286 acc_test 94.23
lr 0.0002 loss 1.1117002096092161 acc 95.67 loss_test 1.1798857004483565 acc_test 94.18
lr 0.0002 loss 1.1166651549284377 acc 95.47 loss_test 1.1789283296971849 acc_test 94.18
lr 0.0002 loss 1.1263169994327946 acc 95.14 loss_test 1.1777305904629036 acc_test 94.27
Accuracy: 94.32000000000001 %
lr 0.02 wd 1e-05 hidden_neuron 256
lr 0.02 loss 4.215371593975098 acc 80.03 loss_test 2.9672732410354614 acc_test 83.94
lr 0.02 loss 2.893323257366926 acc 84.42 loss_test 2.729879657666001 acc_test 85.9
lr 0.02 loss 2.6947350130434113 acc 86.35 loss_test 2.6102388297505703 acc_test 86.65
lr 0.02 loss 2.6152331708599466 acc 87.39 loss_test 2.586472498065921 acc_test 86.98
lr 0.02 loss 2.515977747125365 acc 88.92 loss_test 2.447071591892762 acc_test 89.42
lr 0.02 loss 2.45157015124948 acc 89.82 loss_test 2.4559158949609476 acc_test 88.74
lr 0.02 loss 2.275420284297329 acc 92.48 loss_test 2.3722809150712387 acc_test 91.43
lr 0.02 loss 2.272257290477396 acc 92.38 loss_test 2.3448187164185184 acc_test 91.99
lr 0.02 loss 2.2750539957723293 acc 92.59 loss_test 2.3281585482831297 acc_test 92.36
lr 0.02 loss 2.2745522285766664 acc 92.1 loss_test 2.349558491546943 acc_test 91.25
lr 0.02 loss 2.2622196187124883 acc 92.92 loss_test 2.293176334036701 acc_test 92.09
lr 0.002 loss 2.2501065108029428 acc 92.52 loss_test 2.25882733017767 acc_test 92.59
lr 0.002 loss 2.1308850089866107 acc 94.27 loss_test 2.2144464164451447 acc_test 93.49
lr 0.002 loss 2.1030139400568117 acc 95.22 loss_test 2.2029605242311967 acc_test 93.62
lr 0.002 loss 2.0964781333195606 acc 95.31 loss_test 2.1921725631747795 acc_test 93.87
lr 0.002 loss 2.0959454027427524 acc 95.23 loss_test 2.1878727136177107 acc_test 93.98
lr 0.002 loss 2.085024415453462 acc 95.54 loss_test 2.1842531710861146 acc_test 93.89
lr 0.002 loss 2.0924481088009506 acc 95.32 loss_test 2.178680976313813 acc_test 94.06
lr 0.002 loss 2.0659203276297116 acc 96.1 loss_test 2.1785719388663543 acc_test 94.09
lr 0.002 loss 2.0584213120056822 acc 96.09 loss_test 2.175654991359242 acc_test 94.15
lr 0.002 loss 2.0705377557429565 acc 95.72 loss_test 2.172028838024321 acc_test 94.15
lr 0.002 loss 2.075325496158055 acc 95.64 loss_test 2.1694905460397167 acc_test 94.26
lr 0.002 loss 2.0654518420144874 acc 95.91 loss_test 2.1667984141606946 acc_test 94.22
lr 0.0002 loss 2.067071850357123 acc 95.7 loss_test 2.167501793914195 acc_test 94.18
lr 0.0002 loss 2.051216768048013 acc 96.14 loss_test 2.16682286619305 acc_test 94.19
lr 0.0002 loss 2.0450302364501125 acc 96.4 loss_test 2.165991119615714 acc_test 94.24
lr 0.0002 loss 2.0485209818369707 acc 95.94 loss_test 2.165201349334715 acc_test 94.24
lr 0.0002 loss 2.0484027537466614 acc 96.35 loss_test 2.165253906545294 acc_test 94.2
lr 0.0002 loss 2.0528267983123336 acc 96.18 loss_test 2.1646015303114683 acc_test 94.23
lr 0.0002 loss 2.0527889655579785 acc 96.27 loss_test 2.1643788557764534 acc_test 94.24
lr 0.0002 loss 2.0502739648961303 acc 96.1 loss_test 2.1642988223594943 acc_test 94.27
lr 0.0002 loss 2.0452025261181066 acc 96.2 loss_test 2.163783663453143 acc_test 94.24
lr 0.0002 loss 2.04423066979636 acc 96.35 loss_test 2.1635514024911755 acc_test 94.27
lr 0.0002 loss 2.0401358940201466 acc 96.4 loss_test 2.1631271546628374 acc_test 94.29
lr 0.0002 loss 2.0584345877968384 acc 96.26 loss_test 2.162675358619153 acc_test 94.26
Accuracy: 94.26 %
lr 0.02 wd 0.0001 hidden_neuron 64
lr 0.02 loss 6.581987228601055 acc 70.7 loss_test 5.653990363726606 acc_test 79.53
lr 0.02 loss 5.49070922668937 acc 81.56 loss_test 5.334339395071298 acc_test 82.26
lr 0.02 loss 5.150504060453143 acc 84.72 loss_test 4.9522237819022905 acc_test 87.34
lr 0.02 loss 4.892990021343333 acc 86.51 loss_test 4.737967659556531 acc_test 88.33
lr 0.02 loss 4.6963492072208854 acc 87.28 loss_test 4.539126931712658 acc_test 89.26
lr 0.02 loss 4.462309828364138 acc 88.65 loss_test 4.328120091973499 acc_test 89.92
lr 0.02 loss 4.244620755892483 acc 90.0 loss_test 4.228896199364173 acc_test 87.56
lr 0.02 loss 4.065332283933231 acc 90.96 loss_test 4.031850660566591 acc_test 89.71
lr 0.02 loss 3.9165903509926925 acc 90.97 loss_test 3.8186633943440413 acc_test 91.85
lr 0.02 loss 3.754476293676014 acc 91.52 loss_test 3.7561293612321562 acc_test 89.08
lr 0.02 loss 3.6222364800984486 acc 91.39 loss_test 3.583101194953182 acc_test 90.93
lr 0.002 loss 3.4842607523266116 acc 91.46 loss_test 3.41313699581048 acc_test 91.81
lr 0.002 loss 3.3235104694409556 acc 93.73 loss_test 3.3432270306141567 acc_test 93.24
lr 0.002 loss 3.296080335543961 acc 94.1 loss_test 3.318949301944913 acc_test 93.59
lr 0.002 loss 3.2854357529609914 acc 93.93 loss_test 3.3063404571681114 acc_test 93.48
lr 0.002 loss 3.266799208720992 acc 93.91 loss_test 3.2843879993624694 acc_test 93.69
lr 0.002 loss 3.2415937582183467 acc 94.42 loss_test 3.2716917949213826 acc_test 93.6
lr 0.002 loss 3.24301607773399 acc 94.02 loss_test 3.255241474653538 acc_test 93.74
lr 0.002 loss 3.2126210480101984 acc 94.79 loss_test 3.245692512955406 acc_test 93.61
lr 0.002 loss 3.2015370518468522 acc 94.52 loss_test 3.224417958237377 acc_test 94.07
lr 0.002 loss 3.190284078527174 acc 94.43 loss_test 3.21070822837139 acc_test 93.92
lr 0.002 loss 3.1854996553729302 acc 94.33 loss_test 3.1984201055348187 acc_test 93.88
lr 0.002 loss 3.1570375361553946 acc 94.53 loss_test 3.185325498977692 acc_test 94.02
lr 0.0002 loss 3.1521807005860887 acc 94.64 loss_test 3.171611697971453 acc_test 94.08
lr 0.0002 loss 3.1348526845213365 acc 94.76 loss_test 3.169522241620939 acc_test 94.19
lr 0.0002 loss 3.1482627233547156 acc 94.57 loss_test 3.1672535119037364 acc_test 94.12
lr 0.0002 loss 3.1187865290920964 acc 95.16 loss_test 3.1653103194503487 acc_test 94.1
lr 0.0002 loss 3.1345376529951574 acc 94.77 loss_test 3.163874316933252 acc_test 94.13
lr 0.0002 loss 3.130312486891174 acc 94.87 loss_test 3.162632461299075 acc_test 94.07
lr 0.0002 loss 3.12612542916549 acc 95.0 loss_test 3.1614980380219198 acc_test 94.19
lr 0.0002 loss 3.116392219786506 acc 95.24 loss_test 3.159907303552862 acc_test 94.14
lr 0.0002 loss 3.1282656066993373 acc 94.61 loss_test 3.1588825116018016 acc_test 94.11
lr 0.0002 loss 3.1232192844568893 acc 95.06 loss_test 3.1579839292797924 acc_test 94.11
lr 0.0002 loss 3.12258061085605 acc 94.92 loss_test 3.156077614803953 acc_test 94.14
lr 0.0002 loss 3.1273006561586127 acc 94.81 loss_test 3.1542081405423996 acc_test 94.16
Accuracy: 94.19 %
lr 0.02 wd 0.0001 hidden_neuron 128
lr 0.02 loss 11.75823264491517 acc 75.2 loss_test 10.581147728860666 acc_test 79.69
lr 0.02 loss 10.266542134913623 acc 82.5 loss_test 9.939536060110411 acc_test 85.2
lr 0.02 loss 9.703038630500549 acc 86.35 loss_test 9.447643987112718 acc_test 87.77
lr 0.02 loss 9.2527472983795 acc 87.9 loss_test 9.025046718862747 acc_test 88.47
lr 0.02 loss 8.8634978051703 acc 88.75 loss_test 8.663919037232699 acc_test 89.34
lr 0.02 loss 8.47223204726651 acc 90.11 loss_test 8.297097748019846 acc_test 89.44
lr 0.02 loss 8.082970174924206 acc 91.44 loss_test 7.9257651085547 acc_test 91.66
lr 0.02 loss 7.763982705456454 acc 92.07 loss_test 7.627613635223017 acc_test 91.64
lr 0.02 loss 7.453693347261739 acc 92.21 loss_test 7.325810283461702 acc_test 92.15
lr 0.02 loss 7.1462990071519235 acc 93.06 loss_test 7.0772595695397555 acc_test 91.84
lr 0.02 loss 6.903781173851917 acc 92.35 loss_test 6.765412768531962 acc_test 92.29
lr 0.002 loss 6.617053625630964 acc 93.15 loss_test 6.504375827009766 acc_test 92.6
lr 0.002 loss 6.4030875185584355 acc 94.86 loss_test 6.430689079161783 acc_test 93.92
lr 0.002 loss 6.3599012559420585 acc 94.94 loss_test 6.399298984835422 acc_test 93.94
lr 0.002 loss 6.331505877429322 acc 95.01 loss_test 6.3672954640510815 acc_test 94.09
lr 0.002 loss 6.315233415299224 acc 94.83 loss_test 6.340882750567149 acc_test 94.14
lr 0.002 loss 6.271355304868302 acc 95.59 loss_test 6.314518762180666 acc_test 94.31
lr 0.002 loss 6.248845376268718 acc 95.38 loss_test 6.288103552859507 acc_test 94.33
lr 0.002 loss 6.22573561766424 acc 95.42 loss_test 6.261522528284213 acc_test 94.45
lr 0.002 loss 6.194464185791294 acc 95.75 loss_test 6.234138640514738 acc_test 94.56
lr 0.002 loss 6.162854682888359 acc 95.79 loss_test 6.211113962637438 acc_test 94.49
lr 0.002 loss 6.14505804663936 acc 95.36 loss_test 6.185946105897459 acc_test 94.76
lr 0.002 loss 6.122353498553643 acc 95.44 loss_test 6.159655513565035 acc_test 94.58
lr 0.0002 loss 6.095417777921222 acc 95.71 loss_test 6.1373547753217705 acc_test 94.55
lr 0.0002 loss 6.064543192728538 acc 96.17 loss_test 6.133075851404112 acc_test 94.6
lr 0.0002 loss 6.076228234814408 acc 95.87 loss_test 6.129770981499846 acc_test 94.63
lr 0.0002 loss 6.078689364844086 acc 95.67 loss_test 6.126857898836076 acc_test 94.63
lr 0.0002 loss 6.055474998419677 acc 96.1 loss_test 6.12413201281601 acc_test 94.62
lr 0.0002 loss 6.06458616297452 acc 95.87 loss_test 6.121152872471473 acc_test 94.64
lr 0.0002 loss 6.065351101998826 acc 95.92 loss_test 6.1188212130663775 acc_test 94.63
lr 0.0002 loss 6.0534646541555315 acc 96.04 loss_test 6.116162010102365 acc_test 94.69
lr 0.0002 loss 6.056125200924031 acc 95.96 loss_test 6.113638864025848 acc_test 94.65
lr 0.0002 loss 6.0622042350541365 acc 95.9 loss_test 6.11127800782305 acc_test 94.65
lr 0.0002 loss 6.048097222175322 acc 96.19 loss_test 6.108614526337514 acc_test 94.65
lr 0.0002 loss 6.044475942659155 acc 95.94 loss_test 6.105680007929678 acc_test 94.71
Accuracy: 94.71000000000001 %
lr 0.02 wd 0.0001 hidden_neuron 256
lr 0.02 loss 22.174132435307516 acc 80.49 loss_test 20.56079022950485 acc_test 84.6
lr 0.02 loss 20.04616802763634 acc 85.1 loss_test 19.48932057920309 acc_test 87.05
lr 0.02 loss 19.10902329169532 acc 86.12 loss_test 18.54980834728862 acc_test 89.53
lr 0.02 loss 18.20855402627197 acc 88.81 loss_test 17.813110980742383 acc_test 89.91
lr 0.02 loss 17.480987691546893 acc 89.2 loss_test 17.1146733079504 acc_test 90.33
lr 0.02 loss 16.715768160923734 acc 90.73 loss_test 16.41652438215242 acc_test 91.26
lr 0.02 loss 15.991428962291899 acc 92.7 loss_test 15.720445654638441 acc_test 92.17
lr 0.02 loss 15.365505558870357 acc 92.64 loss_test 15.095548176321026 acc_test 92.51
lr 0.02 loss 14.746583966935502 acc 93.36 loss_test 14.496716765801589 acc_test 93.04
lr 0.02 loss 14.189565625265445 acc 93.06 loss_test 13.94960308689104 acc_test 92.81
lr 0.02 loss 13.611522910371615 acc 93.59 loss_test 13.39466245889382 acc_test 93.42
lr 0.002 loss 13.09016067231211 acc 93.62 loss_test 12.87598942844031 acc_test 93.3
lr 0.002 loss 12.718401683445341 acc 95.31 loss_test 12.776247963311242 acc_test 94.68
lr 0.002 loss 12.672721988970457 acc 95.68 loss_test 12.718396967288568 acc_test 94.77
lr 0.002 loss 12.607047165614917 acc 96.01 loss_test 12.664199475716355 acc_test 94.92
lr 0.002 loss 12.542514693935956 acc 96.31 loss_test 12.60989650481308 acc_test 94.93
lr 0.002 loss 12.511694930903937 acc 95.87 loss_test 12.556654997424253 acc_test 94.93
lr 0.002 loss 12.452517409620059 acc 96.15 loss_test 12.506108928463549 acc_test 95.02
lr 0.002 loss 12.391671633231564 acc 96.21 loss_test 12.454865002302386 acc_test 95.07
lr 0.002 loss 12.33654545316303 acc 96.44 loss_test 12.405174172088417 acc_test 95.01
lr 0.002 loss 12.292813463270925 acc 96.44 loss_test 12.353593657670782 acc_test 95.16
lr 0.002 loss 12.24045222536694 acc 96.61 loss_test 12.303245008980893 acc_test 95.15
lr 0.002 loss 12.188912409216138 acc 96.51 loss_test 12.253795963343164 acc_test 95.2
lr 0.0002 loss 12.147906822681593 acc 96.48 loss_test 12.203680970684376 acc_test 95.17
lr 0.0002 loss 12.106040544529279 acc 96.82 loss_test 12.198638707291547 acc_test 95.22
lr 0.0002 loss 12.103765435711525 acc 96.63 loss_test 12.19347735583078 acc_test 95.2
lr 0.0002 loss 12.097367049385293 acc 96.78 loss_test 12.188414506753888 acc_test 95.22
lr 0.0002 loss 12.090146393539118 acc 96.89 loss_test 12.183255758918245 acc_test 95.19
lr 0.0002 loss 12.07873298377541 acc 97.02 loss_test 12.177791205225956 acc_test 95.23
lr 0.0002 loss 12.092517646712329 acc 96.56 loss_test 12.172729472848603 acc_test 95.25
lr 0.0002 loss 12.076737523505738 acc 96.78 loss_test 12.16751734693696 acc_test 95.28
lr 0.0002 loss 12.066501598517666 acc 97.03 loss_test 12.163027461959919 acc_test 95.26
lr 0.0002 loss 12.066526976449849 acc 96.95 loss_test 12.158315745200696 acc_test 95.24
lr 0.0002 loss 12.06658466672306 acc 96.59 loss_test 12.153485189171763 acc_test 95.27
lr 0.0002 loss 12.055463881845299 acc 96.7 loss_test 12.148502784334703 acc_test 95.27
Accuracy: 95.30999999999999 %
lr 0.02 wd 0.001 hidden_neuron 64
lr 0.02 loss 43.05759603153777 acc 71.42 loss_test 34.45068514025424 acc_test 81.0
lr 0.02 loss 28.389136437502223 acc 84.17 loss_test 23.193559558377885 acc_test 82.93
lr 0.02 loss 19.060733011880426 acc 87.99 loss_test 15.497918964303835 acc_test 90.31
lr 0.02 loss 12.858023707183905 acc 89.93 loss_test 10.53956683851084 acc_test 89.87
lr 0.02 loss 8.711142137323886 acc 91.69 loss_test 7.136140067616155 acc_test 92.21
lr 0.02 loss 5.938840429360405 acc 92.62 loss_test 4.878090195527012 acc_test 93.02
lr 0.02 loss 4.091964946808983 acc 93.46 loss_test 3.40655004440031 acc_test 93.08
lr 0.02 loss 2.865556282467445 acc 93.74 loss_test 2.409038686857101 acc_test 93.63
lr 0.02 loss 2.0439170404095166 acc 94.27 loss_test 1.721774512031779 acc_test 94.72
lr 0.02 loss 1.5083474551704608 acc 93.99 loss_test 1.2841953355764133 acc_test 94.55
lr 0.02 loss 1.1592537350653684 acc 93.69 loss_test 0.9950696246778078 acc_test 94.66
lr 0.002 loss 0.8892339743802926 acc 95.02 loss_test 0.8125142186710801 acc_test 94.5
lr 0.002 loss 0.7493382288638788 acc 96.07 loss_test 0.730851370481075 acc_test 96.29
lr 0.002 loss 0.6943582011362311 acc 97.29 loss_test 0.7076457471527093 acc_test 96.41
lr 0.002 loss 0.6871654341673603 acc 96.7 loss_test 0.6860952280623634 acc_test 96.58
lr 0.002 loss 0.6741042654172875 acc 96.64 loss_test 0.6633455336420154 acc_test 96.88
lr 0.002 loss 0.6479113488006979 acc 96.94 loss_test 0.6454047700942542 acc_test 96.71
lr 0.002 loss 0.6300610838524896 acc 96.85 loss_test 0.6299346435736507 acc_test 96.82
lr 0.002 loss 0.609257688233174 acc 97.11 loss_test 0.611591262073116 acc_test 96.94
lr 0.002 loss 0.5910410475098145 acc 97.17 loss_test 0.5983139046362176 acc_test 96.87
lr 0.002 loss 0.5799782071107016 acc 97.3 loss_test 0.580737652270481 acc_test 97.02
lr 0.002 loss 0.5688969061409693 acc 97.15 loss_test 0.571390894967242 acc_test 96.71
lr 0.002 loss 0.5532870774181997 acc 97.32 loss_test 0.5612051370338659 acc_test 96.8
lr 0.0002 loss 0.5475135511805447 acc 96.8 loss_test 0.5461576613983787 acc_test 96.74
lr 0.0002 loss 0.5247485232935218 acc 97.66 loss_test 0.5406269292517162 acc_test 96.99
lr 0.0002 loss 0.5350140946587222 acc 97.32 loss_test 0.53848201166429 acc_test 97.07
lr 0.0002 loss 0.5189563109054534 acc 97.59 loss_test 0.5372941627381533 acc_test 97.08
lr 0.0002 loss 0.530032402090843 acc 97.33 loss_test 0.5359101027297607 acc_test 97.02
lr 0.0002 loss 0.5273676244030655 acc 97.08 loss_test 0.5346959449477877 acc_test 97.08
lr 0.0002 loss 0.5153318060328327 acc 97.76 loss_test 0.5330895269235428 acc_test 97.11
lr 0.0002 loss 0.5238520397463561 acc 97.2 loss_test 0.5321489017631659 acc_test 97.09
lr 0.0002 loss 0.5140858829906463 acc 97.77 loss_test 0.5313901125707197 acc_test 97.06
lr 0.0002 loss 0.5218988554923464 acc 97.39 loss_test 0.5296625847113767 acc_test 97.04
lr 0.0002 loss 0.5184096371063499 acc 97.42 loss_test 0.5284297901734005 acc_test 97.06
lr 0.0002 loss 0.509862777472791 acc 97.81 loss_test 0.5272121551594868 acc_test 97.1
Accuracy: 97.08 %
best group: lr 0.02 wd 0.001 hidden_neuron 64 acc 0.9708
lr 0.02 wd 0.001 hidden_neuron 128
lr 0.02 loss 85.47024670158521 acc 75.85 loss_test 68.6512227993419 acc_test 82.98
lr 0.02 loss 56.53989852793789 acc 85.64 loss_test 45.933188733352054 acc_test 89.39
lr 0.02 loss 37.92999909342596 acc 88.59 loss_test 30.82372431843046 acc_test 91.17
lr 0.02 loss 25.470493822632786 acc 91.03 loss_test 20.734865374981784 acc_test 92.34
lr 0.02 loss 17.14755269228861 acc 92.62 loss_test 13.984667618002682 acc_test 93.35
lr 0.02 loss 11.599936176095289 acc 92.96 loss_test 9.476666133663041 acc_test 93.84
lr 0.02 loss 7.846011367538458 acc 94.72 loss_test 6.462656196882442 acc_test 94.03
lr 0.02 loss 5.372869441161706 acc 94.91 loss_test 4.4621362845729955 acc_test 94.08
lr 0.02 loss 3.729678443202396 acc 94.81 loss_test 3.118507883818696 acc_test 94.12
lr 0.02 loss 2.6315644663824895 acc 94.61 loss_test 2.188567969112286 acc_test 95.42
lr 0.02 loss 1.8863558392052269 acc 94.97 loss_test 1.5984251977413577 acc_test 95.43
lr 0.002 loss 1.3968072704181622 acc 95.01 loss_test 1.1831699346516422 acc_test 96.1
lr 0.002 loss 1.1350583311714384 acc 96.95 loss_test 1.113907076262634 acc_test 96.96
lr 0.002 loss 1.0794448530597138 acc 97.5 loss_test 1.0756775650221961 acc_test 97.12
lr 0.002 loss 1.0441884416816634 acc 97.64 loss_test 1.040675748555544 acc_test 97.16
lr 0.002 loss 1.0132526657553962 acc 97.67 loss_test 1.0055535608997417 acc_test 97.34
lr 0.002 loss 0.9832479777955203 acc 97.55 loss_test 0.9731145452438467 acc_test 97.35
lr 0.002 loss 0.9602986455968888 acc 97.4 loss_test 0.9441780836207908 acc_test 97.35
lr 0.002 loss 0.9174832069385953 acc 97.98 loss_test 0.9168847471782737 acc_test 97.36
lr 0.002 loss 0.890686229400638 acc 97.67 loss_test 0.8889551933251363 acc_test 97.39
lr 0.002 loss 0.8662527048729951 acc 97.83 loss_test 0.8614930130384079 acc_test 97.47
lr 0.002 loss 0.8414416270392192 acc 97.86 loss_test 0.8372018956875827 acc_test 97.4
lr 0.002 loss 0.8132793699630385 acc 97.72 loss_test 0.8150627737325544 acc_test 97.37
lr 0.0002 loss 0.7983945403058272 acc 97.63 loss_test 0.7927096090170384 acc_test 97.41
lr 0.0002 loss 0.7714433333655194 acc 98.21 loss_test 0.7876182564374636 acc_test 97.49
lr 0.0002 loss 0.7749201230370135 acc 98.01 loss_test 0.7847254156916964 acc_test 97.51
lr 0.0002 loss 0.768290222314919 acc 98.0 loss_test 0.7821724799296393 acc_test 97.51
lr 0.0002 loss 0.7676809221503162 acc 98.08 loss_test 0.7798327849511405 acc_test 97.47
lr 0.0002 loss 0.7689746639604416 acc 98.12 loss_test 0.7772418547819485 acc_test 97.44
lr 0.0002 loss 0.7640592218940108 acc 98.02 loss_test 0.7747315683778202 acc_test 97.5
lr 0.0002 loss 0.7631861071652675 acc 98.05 loss_test 0.7726049101991509 acc_test 97.49
lr 0.0002 loss 0.7633577323808545 acc 97.94 loss_test 0.7702642493364351 acc_test 97.52
lr 0.0002 loss 0.7562426609083963 acc 98.03 loss_test 0.7683976467423453 acc_test 97.55
lr 0.0002 loss 0.7475800425991803 acc 98.29 loss_test 0.765984013468324 acc_test 97.55
lr 0.0002 loss 0.7534589323073959 acc 98.03 loss_test 0.7639812911320604 acc_test 97.52
Accuracy: 97.50999999999999 %
best group: lr 0.02 wd 0.001 hidden_neuron 128 acc 0.9751
lr 0.02 wd 0.001 hidden_neuron 256
lr 0.02 loss 170.64960431202624 acc 81.57 loss_test 137.9422331667852 acc_test 85.58
lr 0.02 loss 113.6622337919169 acc 86.9 loss_test 92.33665835968898 acc_test 89.6
lr 0.02 loss 76.15329199532403 acc 89.33 loss_test 61.931482937506914 acc_test 90.68
lr 0.02 loss 51.05847899346727 acc 92.5 loss_test 41.533388781208316 acc_test 93.76
lr 0.02 loss 34.29857278162018 acc 92.98 loss_test 27.92164116256287 acc_test 93.73
lr 0.02 loss 23.08198591354345 acc 93.78 loss_test 18.81350208286497 acc_test 94.3
lr 0.02 loss 15.542145403551578 acc 95.3 loss_test 12.693559572976186 acc_test 95.43
lr 0.02 loss 10.531578596682962 acc 95.21 loss_test 8.62910161534966 acc_test 95.66
lr 0.02 loss 7.171333823297937 acc 95.44 loss_test 5.902193130919822 acc_test 95.33
lr 0.02 loss 4.935298988416816 acc 95.55 loss_test 4.063235779723681 acc_test 95.99
lr 0.02 loss 3.442714277988849 acc 95.13 loss_test 2.8493402897667788 acc_test 95.68
lr 0.002 loss 2.4313633811264292 acc 95.54 loss_test 2.059638085935939 acc_test 95.13
lr 0.002 loss 1.967581933323264 acc 97.21 loss_test 1.9304505091827715 acc_test 97.12
lr 0.002 loss 1.880004190587155 acc 97.83 loss_test 1.8589444467497274 acc_test 97.38
lr 0.002 loss 1.8186939947631213 acc 97.5 loss_test 1.793674510633633 acc_test 97.38
lr 0.002 loss 1.753189758987011 acc 97.6 loss_test 1.7296602981854874 acc_test 97.34
lr 0.002 loss 1.6918392261340922 acc 97.84 loss_test 1.669614278172931 acc_test 97.54
lr 0.002 loss 1.6310324877595006 acc 97.77 loss_test 1.6125443295811785 acc_test 97.57
lr 0.002 loss 1.5713463334608635 acc 97.98 loss_test 1.5594950680330595 acc_test 97.55
lr 0.002 loss 1.5168444456783705 acc 98.19 loss_test 1.5065017881477216 acc_test 97.57
lr 0.002 loss 1.4683494181028696 acc 97.94 loss_test 1.4551816900892236 acc_test 97.53
lr 0.002 loss 1.4207745257745763 acc 97.94 loss_test 1.4096602802584237 acc_test 97.44
lr 0.002 loss 1.372943017664006 acc 98.11 loss_test 1.3610614413111155 acc_test 97.57
lr 0.0002 loss 1.3323566199182189 acc 97.86 loss_test 1.317503704173237 acc_test 97.52
lr 0.0002 loss 1.297194968475668 acc 98.33 loss_test 1.3111325826489826 acc_test 97.69
lr 0.0002 loss 1.2940261103982977 acc 98.17 loss_test 1.3064394686569878 acc_test 97.66
lr 0.0002 loss 1.2885057655526988 acc 98.41 loss_test 1.3023377075995253 acc_test 97.66
lr 0.0002 loss 1.289401297090996 acc 98.05 loss_test 1.2981133023653424 acc_test 97.65
lr 0.0002 loss 1.2791638859164913 acc 98.32 loss_test 1.2935201266270393 acc_test 97.66
lr 0.0002 loss 1.2769614659156523 acc 98.26 loss_test 1.2893201162881303 acc_test 97.69
lr 0.0002 loss 1.2703368032703988 acc 98.39 loss_test 1.2848880748842897 acc_test 97.68
lr 0.0002 loss 1.270676659909199 acc 98.16 loss_test 1.2810805212905345 acc_test 97.66
lr 0.0002 loss 1.2584435940627179 acc 98.51 loss_test 1.2767559283297458 acc_test 97.68
lr 0.0002 loss 1.2619152696549119 acc 98.16 loss_test 1.2724387102764274 acc_test 97.68
lr 0.0002 loss 1.2573156266911694 acc 98.18 loss_test 1.2683084685815043 acc_test 97.7
Accuracy: 97.7 %
best group: lr 0.02 wd 0.001 hidden_neuron 256 acc 0.977
lr 0.1 wd 1e-05 hidden_neuron 64
lr 0.1 loss 2.3200794995066945 acc 42.76 loss_test 2.209380090198665 acc_test 53.48
lr 0.1 loss 1.8855201048968022 acc 55.21 loss_test 1.6881464009569773 acc_test 64.27
lr 0.1 loss 1.8800345891957095 acc 56.32 loss_test 1.9253111723527705 acc_test 48.98
lr 0.1 loss 1.7689429608079725 acc 59.19 loss_test 1.7890807399586917 acc_test 55.47
lr 0.1 loss 1.8037539428821845 acc 57.44 loss_test 1.8583135321056679 acc_test 53.18
lr 0.1 loss 1.7962898914065786 acc 55.92 loss_test 1.6887879537807526 acc_test 58.79
lr 0.1 loss 1.7506208528941734 acc 57.95 loss_test 1.6461929673122668 acc_test 59.04
lr 0.1 loss 1.7514378815977092 acc 57.68 loss_test 1.7372607401089635 acc_test 57.59
lr 0.1 loss 1.7135691689655101 acc 58.31 loss_test 1.7287060091120239 acc_test 58.53
lr 0.1 loss 1.7467070847506463 acc 57.39 loss_test 1.634306316247066 acc_test 61.09
lr 0.1 loss 1.7671387985457607 acc 56.14 loss_test 1.722921185888788 acc_test 55.71
lr 0.010000000000000002 loss 1.7072220136429992 acc 59.39 loss_test 1.590497134041027 acc_test 63.57
lr 0.010000000000000002 loss 1.452572182436345 acc 65.5 loss_test 1.4648343032956328 acc_test 65.66
lr 0.010000000000000002 loss 1.4136847577147655 acc 66.3 loss_test 1.4235571521246342 acc_test 66.67
lr 0.010000000000000002 loss 1.3897705517635666 acc 67.32 loss_test 1.3759842896365237 acc_test 67.76
lr 0.010000000000000002 loss 1.353167470910508 acc 68.97 loss_test 1.3265005122152973 acc_test 69.71
lr 0.010000000000000002 loss 1.3071408426236948 acc 70.75 loss_test 1.3082168248971642 acc_test 70.53
lr 0.010000000000000002 loss 1.2892737413665343 acc 71.84 loss_test 1.2718289468357715 acc_test 71.93
lr 0.010000000000000002 loss 1.2423055878071743 acc 73.7 loss_test 1.2241885659957077 acc_test 74.63
lr 0.010000000000000002 loss 1.1954848627570895 acc 75.68 loss_test 1.2691828144857937 acc_test 74.63
lr 0.010000000000000002 loss 1.2124460077927655 acc 75.83 loss_test 1.2027209236786212 acc_test 77.02
lr 0.010000000000000002 loss 1.1714090343397088 acc 77.17 loss_test 1.1821262378877986 acc_test 75.67
lr 0.010000000000000002 loss 1.2007624066605362 acc 76.68 loss_test 1.1726324221770041 acc_test 76.93
lr 0.0010000000000000002 loss 1.164177786354001 acc 77.68 loss_test 1.1293719280118046 acc_test 79.42
lr 0.0010000000000000002 loss 1.0694643943535438 acc 79.88 loss_test 1.0852086644509478 acc_test 79.84
lr 0.0010000000000000002 loss 1.071931647261801 acc 79.93 loss_test 1.075770766758154 acc_test 80.05
lr 0.0010000000000000002 loss 1.0509090819127183 acc 80.24 loss_test 1.0706538680108673 acc_test 79.97
lr 0.0010000000000000002 loss 1.0282552932347857 acc 81.04 loss_test 1.0657271652832314 acc_test 80.73
lr 0.0010000000000000002 loss 1.0449925683778454 acc 81.02 loss_test 1.0573551819769598 acc_test 80.89
lr 0.0010000000000000002 loss 1.0356214974772582 acc 80.72 loss_test 1.0554837472337673 acc_test 81.09
lr 0.0010000000000000002 loss 1.0321222174404738 acc 81.14 loss_test 1.0531868542793368 acc_test 80.66
lr 0.0010000000000000002 loss 1.0141322124875383 acc 81.59 loss_test 1.0412467473110516 acc_test 81.09
lr 0.0010000000000000002 loss 1.0121831178099459 acc 81.4 loss_test 1.0354511150523618 acc_test 81.04
lr 0.0010000000000000002 loss 1.0275968950589651 acc 81.01 loss_test 1.0372349467773747 acc_test 81.19
lr 0.0010000000000000002 loss 1.0182945438769375 acc 81.71 loss_test 1.03372463997556 acc_test 81.64
Accuracy: 81.54 %
lr 0.1 wd 1e-05 hidden_neuron 128
lr 0.1 loss 2.9350643619937835 acc 44.74 loss_test 2.8092968331607064 acc_test 42.28
lr 0.1 loss 2.5011471173713913 acc 53.37 loss_test 2.670957936873122 acc_test 61.23
lr 0.1 loss 2.330643519102685 acc 59.7 loss_test 2.3376916194811708 acc_test 58.66
lr 0.1 loss 2.3487603329930944 acc 55.0 loss_test 2.3289210594789225 acc_test 55.08
lr 0.1 loss 2.3009639340479877 acc 58.11 loss_test 2.360166584425903 acc_test 52.13
lr 0.1 loss 2.234249447733229 acc 60.76 loss_test 2.299153383427527 acc_test 53.79
lr 0.1 loss 2.154600355175516 acc 63.31 loss_test 2.1239080579675136 acc_test 60.35
lr 0.1 loss 2.150670832678343 acc 61.8 loss_test 2.0419997760203286 acc_test 69.32
lr 0.1 loss 2.145161385038455 acc 62.13 loss_test 2.147462118638264 acc_test 59.95
lr 0.1 loss 2.100784570961736 acc 65.3 loss_test 2.133725279173043 acc_test 59.07
lr 0.1 loss 2.038621809998158 acc 64.22 loss_test 2.047659704327872 acc_test 63.46
lr 0.010000000000000002 loss 2.001059255841031 acc 66.88 loss_test 1.9437611369042755 acc_test 65.85
lr 0.010000000000000002 loss 1.8521789318268362 acc 69.79 loss_test 1.802848144589358 acc_test 72.5
lr 0.010000000000000002 loss 1.734741241115475 acc 75.22 loss_test 1.7111992285651645 acc_test 76.75
lr 0.010000000000000002 loss 1.6734061909464606 acc 78.04 loss_test 1.6704722808491057 acc_test 78.28
lr 0.010000000000000002 loss 1.6301828444373807 acc 79.55 loss_test 1.6400745557516205 acc_test 79.64
lr 0.010000000000000002 loss 1.5937935094995601 acc 81.09 loss_test 1.6086417513880045 acc_test 81.15
lr 0.010000000000000002 loss 1.57115107805526 acc 81.61 loss_test 1.55730993206216 acc_test 83.46
lr 0.010000000000000002 loss 1.5357586341796885 acc 83.48 loss_test 1.5284322009106708 acc_test 83.73
lr 0.010000000000000002 loss 1.4876424519403 acc 84.12 loss_test 1.5644926194515003 acc_test 83.81
lr 0.010000000000000002 loss 1.4714762624829245 acc 85.46 loss_test 1.4766687648368 acc_test 86.11
lr 0.010000000000000002 loss 1.474688851687768 acc 84.81 loss_test 1.4532141785641095 acc_test 86.04
lr 0.010000000000000002 loss 1.4768471408449393 acc 85.03 loss_test 1.4317748707520823 acc_test 86.26
lr 0.0010000000000000002 loss 1.4362974397125698 acc 85.72 loss_test 1.4199119679452314 acc_test 87.45
lr 0.0010000000000000002 loss 1.3960265108812016 acc 86.7 loss_test 1.394215523622062 acc_test 87.02
lr 0.0010000000000000002 loss 1.3693722088025766 acc 87.16 loss_test 1.3835986848295172 acc_test 87.79
lr 0.0010000000000000002 loss 1.3604278736905562 acc 87.07 loss_test 1.378714494111445 acc_test 87.72
lr 0.0010000000000000002 loss 1.3586290998057047 acc 87.56 loss_test 1.374271408166921 acc_test 87.67
lr 0.0010000000000000002 loss 1.3484461549180995 acc 87.83 loss_test 1.3678739255862997 acc_test 88.04
lr 0.0010000000000000002 loss 1.36360030189003 acc 87.33 loss_test 1.36615523025307 acc_test 87.92
lr 0.0010000000000000002 loss 1.3617734751891917 acc 87.03 loss_test 1.364238561922165 acc_test 88.13
lr 0.0010000000000000002 loss 1.3486023547988784 acc 87.55 loss_test 1.3616258310422718 acc_test 87.85
lr 0.0010000000000000002 loss 1.3420535273457574 acc 87.49 loss_test 1.3585373132937602 acc_test 88.3
lr 0.0010000000000000002 loss 1.340080426023563 acc 87.53 loss_test 1.3618084927217882 acc_test 87.99
lr 0.0010000000000000002 loss 1.3496994871545795 acc 87.84 loss_test 1.3499420938716835 acc_test 88.08
Accuracy: 88.42999999999999 %
lr 0.1 wd 1e-05 hidden_neuron 256
lr 0.1 loss 4.094821829544245 acc 49.97 loss_test 3.4287222832046034 acc_test 55.19
lr 0.1 loss 3.4034372857446162 acc 60.16 loss_test 3.2705679452907623 acc_test 64.13
lr 0.1 loss 3.2725354135673173 acc 65.06 loss_test 3.1965669118139894 acc_test 61.53
lr 0.1 loss 3.262079479414766 acc 63.77 loss_test 3.022425841427211 acc_test 66.2
lr 0.1 loss 3.1322320663259697 acc 67.4 loss_test 3.134261136669494 acc_test 68.2
lr 0.1 loss 3.1027223373649755 acc 69.3 loss_test 3.0405502290994137 acc_test 70.05
lr 0.1 loss 3.013768062659387 acc 69.5 loss_test 3.0595673966850487 acc_test 78.96
lr 0.1 loss 2.959857220936088 acc 71.76 loss_test 3.0525459991310937 acc_test 68.63
lr 0.1 loss 2.940683464473729 acc 69.19 loss_test 2.819337428251774 acc_test 73.64
lr 0.1 loss 2.8381078477828434 acc 73.3 loss_test 2.8010980274309403 acc_test 72.63
lr 0.1 loss 2.8310726314530306 acc 70.6 loss_test 2.9330028533715438 acc_test 61.86
lr 0.010000000000000002 loss 2.850686677053479 acc 70.31 loss_test 3.044447237034996 acc_test 73.55
lr 0.010000000000000002 loss 2.5745183759686854 acc 78.09 loss_test 2.5165305080694385 acc_test 80.7
lr 0.010000000000000002 loss 2.452939648423604 acc 82.41 loss_test 2.444194997439084 acc_test 83.11
lr 0.010000000000000002 loss 2.3994556504307467 acc 84.22 loss_test 2.4132733253467786 acc_test 84.06
lr 0.010000000000000002 loss 2.3513761954697197 acc 85.3 loss_test 2.3785716335875775 acc_test 85.28
lr 0.010000000000000002 loss 2.329368448855428 acc 85.98 loss_test 2.3201032000084107 acc_test 87.43
lr 0.010000000000000002 loss 2.3147775098613925 acc 86.53 loss_test 2.2928042700548286 acc_test 87.97
lr 0.010000000000000002 loss 2.2508021368025655 acc 87.92 loss_test 2.278238097031213 acc_test 88.32
lr 0.010000000000000002 loss 2.234862716259906 acc 88.58 loss_test 2.2777629879336985 acc_test 88.45
lr 0.010000000000000002 loss 2.234747573561968 acc 88.37 loss_test 2.2474903160756825 acc_test 88.97
lr 0.010000000000000002 loss 2.2095689850428397 acc 88.87 loss_test 2.2531586612588193 acc_test 88.69
lr 0.010000000000000002 loss 2.201167405838924 acc 89.37 loss_test 2.2226580800571845 acc_test 89.52
lr 0.0010000000000000002 loss 2.201350534074692 acc 88.78 loss_test 2.209738006557515 acc_test 89.76
lr 0.0010000000000000002 loss 2.138783411579491 acc 90.67 loss_test 2.1760060718320737 acc_test 90.17
lr 0.0010000000000000002 loss 2.1200321186724653 acc 90.64 loss_test 2.171004097430192 acc_test 90.34
lr 0.0010000000000000002 loss 2.1227303395966257 acc 90.99 loss_test 2.1622788977468526 acc_test 90.46
lr 0.0010000000000000002 loss 2.1374612387536347 acc 90.38 loss_test 2.1620874047998617 acc_test 90.42
lr 0.0010000000000000002 loss 2.1142658650691297 acc 90.79 loss_test 2.1563347913980784 acc_test 90.53
lr 0.0010000000000000002 loss 2.1229215366657868 acc 90.85 loss_test 2.156012475782245 acc_test 90.56
lr 0.0010000000000000002 loss 2.1236142467231605 acc 90.86 loss_test 2.1525371106198463 acc_test 90.57
lr 0.0010000000000000002 loss 2.109434712715378 acc 90.8 loss_test 2.1502349836439176 acc_test 90.43
lr 0.0010000000000000002 loss 2.1078193101708997 acc 90.94 loss_test 2.1485148729667527 acc_test 90.63
lr 0.0010000000000000002 loss 2.1102943344928815 acc 90.77 loss_test 2.1477307058452935 acc_test 90.63
lr 0.0010000000000000002 loss 2.0790909109760616 acc 91.67 loss_test 2.145437301627163 acc_test 90.74
Accuracy: 90.47 %
lr 0.1 wd 0.0001 hidden_neuron 64
lr 0.1 loss 6.549789186220524 acc 43.01 loss_test 5.829614773346778 acc_test 47.76
lr 0.1 loss 5.326070303550358 acc 55.79 loss_test 5.103138198759619 acc_test 49.87
lr 0.1 loss 4.659259993268201 acc 58.17 loss_test 4.359575539249981 acc_test 61.16
lr 0.1 loss 4.080504370306372 acc 62.24 loss_test 3.7854361161242234 acc_test 63.96
lr 0.1 loss 3.5142191162056267 acc 70.01 loss_test 3.2387646769287834 acc_test 71.2
lr 0.1 loss 3.264203523759927 acc 66.86 loss_test 2.8758490675193547 acc_test 73.24
lr 0.1 loss 2.800543571412414 acc 73.83 loss_test 2.695185814649989 acc_test 73.19
lr 0.1 loss 2.718857149864842 acc 71.18 loss_test 2.6309973476193744 acc_test 65.1
lr 0.1 loss 2.490356154551601 acc 70.78 loss_test 2.3503364131230566 acc_test 71.26
lr 0.1 loss 2.3216778376967957 acc 68.51 loss_test 2.2334971478472436 acc_test 71.36
lr 0.1 loss 2.216559631421361 acc 72.03 loss_test 2.078291977493462 acc_test 72.91
lr 0.010000000000000002 loss 2.095034057503528 acc 71.09 loss_test 2.1984674693612085 acc_test 67.99
lr 0.010000000000000002 loss 1.7175100622701582 acc 79.76 loss_test 1.6147118218577483 acc_test 83.55
lr 0.010000000000000002 loss 1.5283476821395854 acc 86.25 loss_test 1.4760784270996283 acc_test 87.47
lr 0.010000000000000002 loss 1.4225119693716772 acc 88.62 loss_test 1.3926982107467483 acc_test 88.71
lr 0.010000000000000002 loss 1.3846335792034972 acc 89.31 loss_test 1.3458595961584983 acc_test 89.74
lr 0.010000000000000002 loss 1.3067367576653286 acc 90.27 loss_test 1.3096078031556189 acc_test 89.71
lr 0.010000000000000002 loss 1.2842904290662793 acc 90.55 loss_test 1.2349182090756328 acc_test 91.45
lr 0.010000000000000002 loss 1.2221483877301778 acc 91.46 loss_test 1.2080330833759223 acc_test 91.47
lr 0.010000000000000002 loss 1.206991813742887 acc 91.14 loss_test 1.1874547980704353 acc_test 91.68
lr 0.010000000000000002 loss 1.1370534647227262 acc 92.87 loss_test 1.1519568368042443 acc_test 92.37
lr 0.010000000000000002 loss 1.142119776561021 acc 92.41 loss_test 1.1287438607319424 acc_test 92.15
lr 0.010000000000000002 loss 1.1005166449538062 acc 92.42 loss_test 1.0968050264000917 acc_test 92.73
lr 0.0010000000000000002 loss 1.1084940094244915 acc 92.25 loss_test 1.0778461409163465 acc_test 92.62
lr 0.0010000000000000002 loss 1.038928266135173 acc 93.34 loss_test 1.0600988996357317 acc_test 93.03
lr 0.0010000000000000002 loss 1.046137976671618 acc 93.47 loss_test 1.0552094503090566 acc_test 92.97
lr 0.0010000000000000002 loss 1.02550064411995 acc 93.77 loss_test 1.0519888112082776 acc_test 93.04
lr 0.0010000000000000002 loss 1.0299811504059904 acc 93.91 loss_test 1.0455137469362212 acc_test 93.06
lr 0.0010000000000000002 loss 1.0326180076022207 acc 93.45 loss_test 1.0429542536876188 acc_test 93.24
lr 0.0010000000000000002 loss 1.0301291387116565 acc 93.45 loss_test 1.0415169850858397 acc_test 93.14
lr 0.0010000000000000002 loss 1.0075814075300087 acc 93.97 loss_test 1.0382074632031704 acc_test 93.23
lr 0.0010000000000000002 loss 1.0370513742511367 acc 93.2 loss_test 1.0360963190809465 acc_test 93.11
lr 0.0010000000000000002 loss 1.0063180655511406 acc 93.92 loss_test 1.0333201403720276 acc_test 93.19
lr 0.0010000000000000002 loss 1.0139517559209632 acc 93.9 loss_test 1.0316580171327068 acc_test 93.22
lr 0.0010000000000000002 loss 1.0110491387998009 acc 93.78 loss_test 1.0284480312256123 acc_test 93.22
Accuracy: 93.28999999999999 %
lr 0.1 wd 0.0001 hidden_neuron 128
lr 0.1 loss 11.361094212707565 acc 52.54 loss_test 10.352785464723492 acc_test 58.41
lr 0.1 loss 9.277408975129255 acc 60.75 loss_test 8.588447496402226 acc_test 56.38
lr 0.1 loss 7.811108042087166 acc 66.41 loss_test 7.21252461778834 acc_test 63.97
lr 0.1 loss 6.676116102759986 acc 70.94 loss_test 6.143289028329186 acc_test 65.52
lr 0.1 loss 5.786399875698965 acc 65.65 loss_test 5.309474177613966 acc_test 68.22
lr 0.1 loss 4.888302387014079 acc 75.08 loss_test 4.674372692890456 acc_test 76.66
lr 0.1 loss 4.282080648484884 acc 75.32 loss_test 3.872997480852328 acc_test 82.03
lr 0.1 loss 3.83366198488004 acc 75.18 loss_test 3.4430725213881233 acc_test 78.67
lr 0.1 loss 3.387939824150721 acc 76.77 loss_test 3.2335833024597966 acc_test 73.12
lr 0.1 loss 3.0496583391201906 acc 76.18 loss_test 2.8197622584723856 acc_test 74.92
lr 0.1 loss 2.74239300945616 acc 79.6 loss_test 2.6976884289835414 acc_test 78.11
lr 0.010000000000000002 loss 2.6417130168302707 acc 76.13 loss_test 2.460813866741993 acc_test 75.29
lr 0.010000000000000002 loss 2.2239464671746396 acc 82.11 loss_test 2.11147854825203 acc_test 85.29
lr 0.010000000000000002 loss 2.066780525207515 acc 86.51 loss_test 1.9675006710208556 acc_test 89.24
lr 0.010000000000000002 loss 1.9082844155978678 acc 90.13 loss_test 1.8731935367191257 acc_test 91.27
lr 0.010000000000000002 loss 1.8569910507842216 acc 91.17 loss_test 1.799998605508661 acc_test 92.01
lr 0.010000000000000002 loss 1.780722814393414 acc 92.51 loss_test 1.7461514004287695 acc_test 92.66
lr 0.010000000000000002 loss 1.7486207124024946 acc 92.36 loss_test 1.7111780027333308 acc_test 92.77
lr 0.010000000000000002 loss 1.6834517787468133 acc 92.98 loss_test 1.66816926506274 acc_test 93.3
lr 0.010000000000000002 loss 1.6411367532299734 acc 93.33 loss_test 1.6274642462475695 acc_test 93.32
lr 0.010000000000000002 loss 1.602527959530261 acc 93.9 loss_test 1.5841704317903529 acc_test 93.87
lr 0.010000000000000002 loss 1.559021971365173 acc 93.96 loss_test 1.5561625815000633 acc_test 93.75
lr 0.010000000000000002 loss 1.5289205436066302 acc 93.91 loss_test 1.545779597202287 acc_test 93.42
lr 0.0010000000000000002 loss 1.522052435753883 acc 93.67 loss_test 1.5040841472633897 acc_test 93.88
lr 0.0010000000000000002 loss 1.4451222151806555 acc 95.04 loss_test 1.4781797923504991 acc_test 94.32
lr 0.0010000000000000002 loss 1.4526209673741837 acc 94.82 loss_test 1.4727592147112534 acc_test 94.36
lr 0.0010000000000000002 loss 1.466992512664411 acc 94.21 loss_test 1.4676728704650084 acc_test 94.35
lr 0.0010000000000000002 loss 1.4363982646723128 acc 95.21 loss_test 1.4637232905249047 acc_test 94.52
lr 0.0010000000000000002 loss 1.448345808557834 acc 94.79 loss_test 1.4592066283211675 acc_test 94.45
lr 0.0010000000000000002 loss 1.4310904000743194 acc 95.23 loss_test 1.4565992791493723 acc_test 94.37
lr 0.0010000000000000002 loss 1.430313569465068 acc 95.17 loss_test 1.4518688220048743 acc_test 94.57
lr 0.0010000000000000002 loss 1.433341889899522 acc 94.79 loss_test 1.449830851624345 acc_test 94.5
lr 0.0010000000000000002 loss 1.4221570466311955 acc 95.11 loss_test 1.4456060106509112 acc_test 94.49
lr 0.0010000000000000002 loss 1.4220802959973708 acc 94.85 loss_test 1.4430208597260017 acc_test 94.5
lr 0.0010000000000000002 loss 1.419018210118493 acc 94.95 loss_test 1.4409348126796921 acc_test 94.5
Accuracy: 94.55 %
lr 0.1 wd 0.0001 hidden_neuron 256
lr 0.1 loss 21.32498131671085 acc 48.16 loss_test 19.204128382848786 acc_test 62.36
lr 0.1 loss 17.272678977005473 acc 61.6 loss_test 15.603428962970012 acc_test 64.45
lr 0.1 loss 14.442225387196924 acc 63.63 loss_test 13.259860754017552 acc_test 67.19
lr 0.1 loss 12.062346718990195 acc 67.87 loss_test 10.866725298691213 acc_test 73.12
lr 0.1 loss 10.11386785377145 acc 73.66 loss_test 9.19201512213449 acc_test 75.48
lr 0.1 loss 8.580790033125208 acc 74.46 loss_test 7.797143403270664 acc_test 77.28
lr 0.1 loss 7.287517812957912 acc 76.68 loss_test 6.697776023907608 acc_test 81.32
lr 0.1 loss 6.3906015791333175 acc 73.93 loss_test 5.770197176963813 acc_test 77.84
lr 0.1 loss 5.506666205889548 acc 76.54 loss_test 5.045555347794682 acc_test 75.24
lr 0.1 loss 4.833848137344036 acc 77.3 loss_test 4.561059316879234 acc_test 74.31
lr 0.1 loss 4.289741383871605 acc 77.08 loss_test 3.8051756162228187 acc_test 85.23
lr 0.010000000000000002 loss 3.6901650698750537 acc 81.26 loss_test 3.4533927075303623 acc_test 79.85
lr 0.010000000000000002 loss 3.1787650495708615 acc 86.29 loss_test 3.1016848749433747 acc_test 88.38
lr 0.010000000000000002 loss 3.0115016756474735 acc 89.78 loss_test 2.9743326416233096 acc_test 90.81
lr 0.010000000000000002 loss 2.931211784389726 acc 90.42 loss_test 2.8923913019309886 acc_test 91.0
lr 0.010000000000000002 loss 2.816722523858374 acc 91.95 loss_test 2.796470513580486 acc_test 92.38
lr 0.010000000000000002 loss 2.751368713240871 acc 92.28 loss_test 2.7349494462589696 acc_test 92.26
lr 0.010000000000000002 loss 2.6856333265511623 acc 92.41 loss_test 2.669432103319735 acc_test 92.75
lr 0.010000000000000002 loss 2.615360302300096 acc 92.92 loss_test 2.6171072448600237 acc_test 92.71
lr 0.010000000000000002 loss 2.5316328854510086 acc 93.58 loss_test 2.5617113963366713 acc_test 93.33
lr 0.010000000000000002 loss 2.5024446114304917 acc 93.79 loss_test 2.501099683604954 acc_test 93.25
lr 0.010000000000000002 loss 2.4327622750280717 acc 94.05 loss_test 2.440055131063396 acc_test 93.86
lr 0.010000000000000002 loss 2.4032154588421037 acc 93.57 loss_test 2.393106358356417 acc_test 93.7
lr 0.0010000000000000002 loss 2.346623785389574 acc 94.02 loss_test 2.341719910602421 acc_test 93.92
lr 0.0010000000000000002 loss 2.2898112795295957 acc 94.54 loss_test 2.326487940589112 acc_test 94.26
lr 0.0010000000000000002 loss 2.281464761735556 acc 95.04 loss_test 2.3181057455345058 acc_test 94.34
lr 0.0010000000000000002 loss 2.281392792438555 acc 94.64 loss_test 2.315063420791593 acc_test 94.46
lr 0.0010000000000000002 loss 2.2756626539520934 acc 94.84 loss_test 2.3078102051042304 acc_test 94.49
lr 0.0010000000000000002 loss 2.2676209854332834 acc 94.91 loss_test 2.302897496932764 acc_test 94.52
lr 0.0010000000000000002 loss 2.2564898140736203 acc 94.84 loss_test 2.298210488371083 acc_test 94.48
lr 0.0010000000000000002 loss 2.255924920571655 acc 94.9 loss_test 2.2937835089382728 acc_test 94.56
lr 0.0010000000000000002 loss 2.2454389266580352 acc 95.16 loss_test 2.2867140892498723 acc_test 94.63
lr 0.0010000000000000002 loss 2.2390297969416673 acc 94.98 loss_test 2.2828014381022217 acc_test 94.53
lr 0.0010000000000000002 loss 2.2483303380015784 acc 94.77 loss_test 2.278041682588447 acc_test 94.6
lr 0.0010000000000000002 loss 2.2355146739167817 acc 95.02 loss_test 2.2730203124892117 acc_test 94.59
Accuracy: 94.69999999999999 %
lr 0.1 wd 0.001 hidden_neuron 64
lr 0.1 loss 24.497056872513124 acc 49.14 loss_test 8.573350079823637 acc_test 71.34
lr 0.1 loss 4.881275449722099 acc 73.4 loss_test 2.867974831954497 acc_test 73.28
lr 0.1 loss 2.344600066454042 acc 76.11 loss_test 2.200674734303376 acc_test 78.25
lr 0.1 loss 2.092956223483024 acc 72.22 loss_test 2.0102145323301905 acc_test 67.53
lr 0.1 loss 2.0089882348533323 acc 74.14 loss_test 1.9262790149711524 acc_test 76.3
lr 0.1 loss 2.028700665484957 acc 70.38 loss_test 1.6523605137399686 acc_test 80.6
lr 0.1 loss 1.8272263038628913 acc 75.33 loss_test 1.9718946572572098 acc_test 70.85
lr 0.1 loss 2.032007901612157 acc 74.74 loss_test 2.1172591900547326 acc_test 75.53
lr 0.1 loss 1.971679075489382 acc 75.43 loss_test 1.8483971630310891 acc_test 82.46
lr 0.1 loss 2.066870841081893 acc 71.42 loss_test 2.0222515169589976 acc_test 67.75
lr 0.1 loss 1.9759357455978104 acc 71.74 loss_test 2.0880948193101365 acc_test 77.45
lr 0.010000000000000002 loss 2.000440127236228 acc 74.02 loss_test 1.941752046117743 acc_test 77.5
lr 0.010000000000000002 loss 1.2830868308591326 acc 87.46 loss_test 1.0927344149536076 acc_test 90.45
lr 0.010000000000000002 loss 1.0066380153039205 acc 90.92 loss_test 0.8926316612194704 acc_test 92.1
lr 0.010000000000000002 loss 0.8523422082417558 acc 91.78 loss_test 0.754245775005711 acc_test 92.87
lr 0.010000000000000002 loss 0.7202085001166854 acc 92.88 loss_test 0.679933662657453 acc_test 92.59
lr 0.010000000000000002 loss 0.6486087162879755 acc 92.5 loss_test 0.6002747429339306 acc_test 93.1
lr 0.010000000000000002 loss 0.5807190010574251 acc 92.88 loss_test 0.5317825995061102 acc_test 93.54
lr 0.010000000000000002 loss 0.5252721789690457 acc 93.31 loss_test 0.4886780781717407 acc_test 93.59
lr 0.010000000000000002 loss 0.485530824923238 acc 93.6 loss_test 0.4712482527210716 acc_test 93.17
lr 0.010000000000000002 loss 0.4508010532452995 acc 93.82 loss_test 0.4353501972696081 acc_test 93.75
lr 0.010000000000000002 loss 0.42956991708556497 acc 93.92 loss_test 0.4017793256906547 acc_test 94.22
lr 0.010000000000000002 loss 0.39740035423770176 acc 94.42 loss_test 0.3828737180878878 acc_test 94.62
lr 0.0010000000000000002 loss 0.39584487508228355 acc 94.05 loss_test 0.3908659244195228 acc_test 94.18
lr 0.0010000000000000002 loss 0.35591388136176416 acc 95.13 loss_test 0.3571360010525788 acc_test 94.98
lr 0.0010000000000000002 loss 0.3456232103474637 acc 95.58 loss_test 0.3509267225578285 acc_test 95.01
lr 0.0010000000000000002 loss 0.3412540630733518 acc 95.5 loss_test 0.34561984667483264 acc_test 95.17
lr 0.0010000000000000002 loss 0.34160149448111476 acc 95.7 loss_test 0.3454989694344139 acc_test 95.12
lr 0.0010000000000000002 loss 0.3395733951943079 acc 95.56 loss_test 0.34196297986381324 acc_test 95.3
lr 0.0010000000000000002 loss 0.33566976030423046 acc 95.65 loss_test 0.34096218606279544 acc_test 95.25
lr 0.0010000000000000002 loss 0.3438249142126311 acc 95.48 loss_test 0.3361152480683793 acc_test 95.2
lr 0.0010000000000000002 loss 0.3363521628737185 acc 95.57 loss_test 0.33600118533904816 acc_test 95.28
lr 0.0010000000000000002 loss 0.3175608213822361 acc 95.89 loss_test 0.33413243579977564 acc_test 95.2
lr 0.0010000000000000002 loss 0.31527822183283044 acc 96.08 loss_test 0.3324677519124282 acc_test 95.33
lr 0.0010000000000000002 loss 0.32222133264877006 acc 95.69 loss_test 0.3300928426396796 acc_test 95.31
Accuracy: 95.3 %
lr 0.1 wd 0.001 hidden_neuron 128
lr 0.1 loss 47.893869383848866 acc 56.05 loss_test 16.33743556266506 acc_test 65.39
lr 0.1 loss 8.137143167282613 acc 74.47 loss_test 3.7872719888729733 acc_test 77.43
lr 0.1 loss 2.8450674570442462 acc 76.28 loss_test 2.052775101149252 acc_test 81.73
lr 0.1 loss 2.1792781295300427 acc 77.47 loss_test 2.562941717087638 acc_test 65.37
lr 0.1 loss 2.0293523029976153 acc 77.5 loss_test 1.822395158207689 acc_test 83.7
lr 0.1 loss 2.1068759985134564 acc 76.16 loss_test 2.452883241862841 acc_test 74.33
lr 0.1 loss 2.0973211366368285 acc 76.42 loss_test 2.026267380395936 acc_test 73.14
lr 0.1 loss 2.2014201542682605 acc 76.25 loss_test 2.2464041066671068 acc_test 71.86
lr 0.1 loss 2.093365467045817 acc 75.76 loss_test 1.9517845920578585 acc_test 80.61
lr 0.1 loss 2.048681004876728 acc 74.24 loss_test 1.8321405682440113 acc_test 74.15
lr 0.1 loss 1.9692412348552724 acc 74.31 loss_test 1.6517613897917824 acc_test 80.42
lr 0.010000000000000002 loss 1.9442329514825691 acc 74.66 loss_test 2.0808798670294437 acc_test 76.24
lr 0.010000000000000002 loss 1.3527182406812683 acc 87.48 loss_test 1.1243146542672404 acc_test 90.7
lr 0.010000000000000002 loss 1.030763887600605 acc 91.08 loss_test 0.93602427200511 acc_test 91.84
lr 0.010000000000000002 loss 0.8810177845124608 acc 91.78 loss_test 0.799444053927324 acc_test 92.62
lr 0.010000000000000002 loss 0.7329569696309068 acc 93.2 loss_test 0.7008345974851582 acc_test 92.77
lr 0.010000000000000002 loss 0.6541766454082492 acc 93.21 loss_test 0.6024975307968273 acc_test 93.66
lr 0.010000000000000002 loss 0.5733163636113202 acc 93.65 loss_test 0.5468695484344804 acc_test 93.59
lr 0.010000000000000002 loss 0.5149305999609396 acc 94.09 loss_test 0.5104447258580962 acc_test 93.46
lr 0.010000000000000002 loss 0.47463412668093186 acc 94.22 loss_test 0.4728627981487086 acc_test 93.88
lr 0.010000000000000002 loss 0.4666555342823336 acc 93.91 loss_test 0.43794384661638686 acc_test 94.03
lr 0.010000000000000002 loss 0.4257867925984803 acc 94.4 loss_test 0.3936627863943938 acc_test 94.7
lr 0.010000000000000002 loss 0.40933177903171875 acc 94.44 loss_test 0.3924782395551215 acc_test 94.24
lr 0.0010000000000000002 loss 0.39479503180590275 acc 94.34 loss_test 0.37917978672741537 acc_test 94.41
lr 0.0010000000000000002 loss 0.35057436260829883 acc 95.41 loss_test 0.35039089701854836 acc_test 95.29
lr 0.0010000000000000002 loss 0.33228785362714014 acc 96.06 loss_test 0.3456648080733869 acc_test 95.48
lr 0.0010000000000000002 loss 0.3468260788948291 acc 95.51 loss_test 0.3450936882130298 acc_test 95.5
lr 0.0010000000000000002 loss 0.3328992502662284 acc 95.93 loss_test 0.3400613465546403 acc_test 95.6
lr 0.0010000000000000002 loss 0.33798848266570086 acc 95.9 loss_test 0.3386464736274114 acc_test 95.61
lr 0.0010000000000000002 loss 0.3358974944569392 acc 95.83 loss_test 0.33410100358811434 acc_test 95.83
lr 0.0010000000000000002 loss 0.3339868366685866 acc 95.88 loss_test 0.3339796539804421 acc_test 95.77
lr 0.0010000000000000002 loss 0.3296572737259689 acc 95.73 loss_test 0.33222365545313254 acc_test 95.59
lr 0.0010000000000000002 loss 0.3220721671623102 acc 96.21 loss_test 0.3299896125018609 acc_test 95.72
lr 0.0010000000000000002 loss 0.32930607566919 acc 95.64 loss_test 0.3287528834575312 acc_test 95.75
lr 0.0010000000000000002 loss 0.3154294216378384 acc 96.11 loss_test 0.32667986763065776 acc_test 95.7
Accuracy: 95.89 %
lr 0.1 wd 0.001 hidden_neuron 256
lr 0.1 loss 93.98334854776856 acc 60.43 loss_test 30.708899921231296 acc_test 70.98
lr 0.1 loss 14.64232596463802 acc 75.71 loss_test 5.994623025160822 acc_test 78.19
lr 0.1 loss 4.0715876575962895 acc 76.83 loss_test 2.650461258350233 acc_test 82.56
lr 0.1 loss 2.478908244692496 acc 78.49 loss_test 1.8655156718661698 acc_test 84.91
lr 0.1 loss 2.1945289281964264 acc 79.52 loss_test 2.0309848624005973 acc_test 81.84
lr 0.1 loss 2.154916547227248 acc 78.78 loss_test 2.362410956235559 acc_test 74.68
lr 0.1 loss 2.2652507269826736 acc 77.61 loss_test 2.058620304483705 acc_test 80.4
lr 0.1 loss 2.2262429871429315 acc 77.13 loss_test 2.197843954659185 acc_test 73.78
lr 0.1 loss 2.166686411471029 acc 76.13 loss_test 1.9248573310436634 acc_test 80.02
lr 0.1 loss 2.060673079572317 acc 75.98 loss_test 2.0925383789340106 acc_test 73.07
lr 0.1 loss 2.0387207683076456 acc 76.87 loss_test 2.089331889279372 acc_test 77.27
lr 0.010000000000000002 loss 2.107433091537067 acc 76.54 loss_test 1.917713626382867 acc_test 82.27
lr 0.010000000000000002 loss 1.3778879256215197 acc 89.84 loss_test 1.1776353625561569 acc_test 92.14
lr 0.010000000000000002 loss 1.072517031053135 acc 92.79 loss_test 0.9807589725788924 acc_test 92.96
lr 0.010000000000000002 loss 0.9128253736939421 acc 93.13 loss_test 0.8295737281770192 acc_test 93.78
lr 0.010000000000000002 loss 0.7926059681307929 acc 93.39 loss_test 0.7293335077142858 acc_test 93.72
lr 0.010000000000000002 loss 0.700572873592788 acc 93.75 loss_test 0.6286595085965361 acc_test 94.53
lr 0.010000000000000002 loss 0.60588547195865 acc 94.18 loss_test 0.5603080745815157 acc_test 94.85
lr 0.010000000000000002 loss 0.5492673592756606 acc 94.43 loss_test 0.5202767160154423 acc_test 94.53
lr 0.010000000000000002 loss 0.4889869168786241 acc 95.21 loss_test 0.46224747331263516 acc_test 95.45
lr 0.010000000000000002 loss 0.4596809067975292 acc 94.9 loss_test 0.4427650015309583 acc_test 95.15
lr 0.010000000000000002 loss 0.42923751526490905 acc 95.04 loss_test 0.41075848247136665 acc_test 95.35
lr 0.010000000000000002 loss 0.4066493904934257 acc 95.22 loss_test 0.3997416265883587 acc_test 95.36
lr 0.0010000000000000002 loss 0.39538982034153647 acc 95.22 loss_test 0.3619908983180635 acc_test 96.02
lr 0.0010000000000000002 loss 0.3499824096047038 acc 96.36 loss_test 0.35173711983822054 acc_test 96.24
lr 0.0010000000000000002 loss 0.33791181600237885 acc 96.69 loss_test 0.34996310915498924 acc_test 96.21
lr 0.0010000000000000002 loss 0.34019263532958943 acc 96.63 loss_test 0.34471163865315446 acc_test 96.29
lr 0.0010000000000000002 loss 0.334970780739133 acc 96.66 loss_test 0.3419066255735721 acc_test 96.32
lr 0.0010000000000000002 loss 0.32693158109929754 acc 96.94 loss_test 0.33798327615632995 acc_test 96.32
lr 0.0010000000000000002 loss 0.3320557939792709 acc 96.86 loss_test 0.3380309236281422 acc_test 96.35
lr 0.0010000000000000002 loss 0.3273316741794209 acc 96.71 loss_test 0.335358908568575 acc_test 96.27
lr 0.0010000000000000002 loss 0.3197203007826465 acc 97.12 loss_test 0.33336010857414605 acc_test 96.33
lr 0.0010000000000000002 loss 0.31754267943777204 acc 97.03 loss_test 0.3291527747427679 acc_test 96.44
lr 0.0010000000000000002 loss 0.3265805404227689 acc 96.92 loss_test 0.32710450807812214 acc_test 96.5
lr 0.0010000000000000002 loss 0.31792905484508305 acc 96.89 loss_test 0.3261692838161656 acc_test 96.5
Accuracy: 96.39999999999999 %
